Mplus VERSION 6.12 (Mac)
MUTHEN & MUTHEN
10/28/2015  12:04 PM

INPUT INSTRUCTIONS

  TITLE:        Confirmatory Factor Analysis;


  DATA:        FILE = mplusdata.csv;

  VARIABLE:
          NAMES ARE ! Every variable in data set
                  id biocen1-biocen4 anthro1-anthro5
                  respons1-respons5 freedom1-freedom4 effect1-effect7
                  dsnow1-dsnow7 dsfut1-dsfut7 risk1-risk3
                  trust1-trust3 trustFS1-trustFS4 exp1-exp3
                  neighb1-neighb7 nearcnf near03f;

          !CATEGORICAL ARE
                  !dsnow1-dsnow7;
                  !exp1-exp3;

          MISSING ARE ALL (99);

          USEVARIABLES ARE
                  !biocen1-biocen4
                  !anthro1-anthro5
                  !respons1 respons2 respons3 respons4 respons5
                  !freedom1-freedom4
                  effect1-effect7
                  !dsnow1-dsnow7
                  dsfut1-dsfut7
                  risk1-risk3
                  trust1-trust3
                  trustFS1-trustFS4
                  !exp1        ! injured - only 2% yes
                  !exp2        ! property destroyed/damaged
                  !exp3        ! evacuated
                  neighb1-neighb7
                  !near03f        ! single item excluded in cfa
                  ;

  ANALYSIS:
          ESTIMATOR IS MLR; ! For continuous items whose residuals may not be normal

  MODEL:

  ! Measurement Models

          !biocen BY biocen1-biocen4;
          !anthro BY anthro1-anthro5;
          !respons BY respons1-respons5;
          !respons BY respons1 respons2 respons4 respons5;        ! drop respons3 (not sig)
          !freedom BY freedom1-freedom4;
          !experien BY exp2 exp3;                ! drop exp1 (injured) because only 2% yes
          effect BY effect1-effect7;
          risk BY risk1-risk3;
          trust BY trust1-trust3;
          trust BY trustFS1-trustFS4;
          norm BY neighb1-neighb7;
          !current BY dsnow1-dsnow7;
          future BY dsfut1-dsfut7;

  OUTPUT:
          !SAMPSTAT;        ! Descriptive stats for variables
          !RESIDUAL;        ! Requests standardized and normalized residuals
          STDYX;                ! Requests fully standardized solution
          MODINDICES (ALL);        ! Method to improve model (at p<.05)




INPUT READING TERMINATED NORMALLY



Confirmatory Factor Analysis;

SUMMARY OF ANALYSIS

Number of groups                                                 1
Number of observations                                         638

Number of dependent variables                                   31
Number of independent variables                                  0
Number of continuous latent variables                            5

Observed dependent variables

  Continuous
   EFFECT1     EFFECT2     EFFECT3     EFFECT4     EFFECT5     EFFECT6
   EFFECT7     DSFUT1      DSFUT2      DSFUT3      DSFUT4      DSFUT5
   DSFUT6      DSFUT7      RISK1       RISK2       RISK3       TRUST1
   TRUST2      TRUST3      TRUSTFS1    TRUSTFS2    TRUSTFS3    TRUSTFS4
   NEIGHB1     NEIGHB2     NEIGHB3     NEIGHB4     NEIGHB5     NEIGHB6
   NEIGHB7

Continuous latent variables
   EFFECT      RISK        TRUST       NORM        FUTURE


Estimator                                                      MLR
Information matrix                                        OBSERVED
Maximum number of iterations                                  1000
Convergence criterion                                    0.500D-04
Maximum number of steepest descent iterations                   20
Maximum number of iterations for H1                           2000
Convergence criterion for H1                             0.100D-03

Input data file(s)
  mplusdata.csv

Input data format  FREE


SUMMARY OF DATA

     Number of missing data patterns            94


COVARIANCE COVERAGE OF DATA

Minimum covariance coverage value   0.100


     PROPORTION OF DATA PRESENT


           Covariance Coverage
              EFFECT1       EFFECT2       EFFECT3       EFFECT4       EFFECT5
              ________      ________      ________      ________      ________
 EFFECT1        0.991
 EFFECT2        0.986         0.987
 EFFECT3        0.987         0.984         0.989
 EFFECT4        0.989         0.986         0.989         0.991
 EFFECT5        0.978         0.976         0.978         0.978         0.980
 EFFECT6        0.984         0.983         0.983         0.984         0.975
 EFFECT7        0.989         0.986         0.987         0.989         0.978
 DSFUT1         0.835         0.831         0.832         0.834         0.824
 DSFUT2         0.806         0.803         0.804         0.806         0.796
 DSFUT3         0.821         0.817         0.818         0.820         0.809
 DSFUT4         0.843         0.840         0.842         0.843         0.835
 DSFUT5         0.815         0.810         0.812         0.813         0.803
 DSFUT6         0.853         0.851         0.851         0.853         0.843
 DSFUT7         0.843         0.839         0.840         0.842         0.831
 RISK1          0.925         0.922         0.923         0.925         0.914
 RISK2          0.923         0.920         0.922         0.923         0.912
 RISK3          0.925         0.922         0.923         0.925         0.914
 TRUST1         0.981         0.978         0.980         0.981         0.970
 TRUST2         0.986         0.983         0.984         0.986         0.975
 TRUST3         0.980         0.976         0.978         0.980         0.969
 TRUSTFS1       0.922         0.920         0.922         0.922         0.914
 TRUSTFS2       0.926         0.923         0.925         0.926         0.915
 TRUSTFS3       0.925         0.922         0.923         0.925         0.914
 TRUSTFS4       0.926         0.923         0.925         0.926         0.915
 NEIGHB1        0.854         0.853         0.853         0.854         0.848
 NEIGHB2        0.854         0.853         0.853         0.854         0.848
 NEIGHB3        0.854         0.853         0.853         0.854         0.848
 NEIGHB4        0.854         0.853         0.853         0.854         0.848
 NEIGHB5        0.854         0.853         0.853         0.854         0.848
 NEIGHB6        0.854         0.853         0.853         0.854         0.848
 NEIGHB7        0.854         0.853         0.853         0.854         0.848


           Covariance Coverage
              EFFECT6       EFFECT7       DSFUT1        DSFUT2        DSFUT3
              ________      ________      ________      ________      ________
 EFFECT6        0.986
 EFFECT7        0.984         0.991
 DSFUT1         0.829         0.834         0.839
 DSFUT2         0.801         0.806         0.798         0.810
 DSFUT3         0.815         0.820         0.812         0.785         0.824
 DSFUT4         0.839         0.843         0.813         0.790         0.801
 DSFUT5         0.809         0.813         0.787         0.762         0.777
 DSFUT6         0.850         0.854         0.815         0.790         0.804
 DSFUT7         0.837         0.842         0.817         0.790         0.806
 RISK1          0.920         0.925         0.834         0.807         0.821
 RISK2          0.918         0.923         0.832         0.803         0.818
 RISK3          0.920         0.925         0.832         0.804         0.818
 TRUST1         0.976         0.981         0.831         0.803         0.817
 TRUST2         0.981         0.986         0.834         0.806         0.820
 TRUST3         0.975         0.980         0.829         0.801         0.815
 TRUSTFS1       0.920         0.922         0.831         0.803         0.817
 TRUSTFS2       0.923         0.926         0.834         0.806         0.820
 TRUSTFS3       0.922         0.925         0.832         0.804         0.818
 TRUSTFS4       0.923         0.926         0.834         0.806         0.820
 NEIGHB1        0.850         0.854         0.723         0.701         0.710
 NEIGHB2        0.850         0.854         0.723         0.701         0.710
 NEIGHB3        0.850         0.854         0.723         0.701         0.710
 NEIGHB4        0.850         0.854         0.723         0.701         0.710
 NEIGHB5        0.850         0.854         0.723         0.701         0.710
 NEIGHB6        0.850         0.854         0.723         0.701         0.710
 NEIGHB7        0.850         0.854         0.723         0.701         0.710


           Covariance Coverage
              DSFUT4        DSFUT5        DSFUT6        DSFUT7        RISK1
              ________      ________      ________      ________      ________
 DSFUT4         0.848
 DSFUT5         0.787         0.818
 DSFUT6         0.820         0.801         0.857
 DSFUT7         0.815         0.799         0.831         0.846
 RISK1          0.845         0.815         0.854         0.843         0.929
 RISK2          0.840         0.810         0.850         0.839         0.925
 RISK3          0.842         0.812         0.851         0.840         0.926
 TRUST1         0.839         0.810         0.850         0.839         0.920
 TRUST2         0.843         0.813         0.853         0.842         0.925
 TRUST3         0.839         0.809         0.848         0.837         0.918
 TRUSTFS1       0.839         0.810         0.851         0.839         0.920
 TRUSTFS2       0.843         0.813         0.853         0.842         0.925
 TRUSTFS3       0.842         0.812         0.851         0.840         0.923
 TRUSTFS4       0.843         0.813         0.853         0.842         0.925
 NEIGHB1        0.732         0.705         0.743         0.729         0.804
 NEIGHB2        0.732         0.705         0.743         0.729         0.804
 NEIGHB3        0.732         0.705         0.743         0.729         0.804
 NEIGHB4        0.732         0.705         0.743         0.729         0.804
 NEIGHB5        0.732         0.705         0.743         0.729         0.804
 NEIGHB6        0.732         0.705         0.743         0.729         0.804
 NEIGHB7        0.732         0.705         0.743         0.729         0.804


           Covariance Coverage
              RISK2         RISK3         TRUST1        TRUST2        TRUST3
              ________      ________      ________      ________      ________
 RISK2          0.928
 RISK3          0.925         0.929
 TRUST1         0.918         0.920         0.986
 TRUST2         0.923         0.925         0.986         0.991
 TRUST3         0.917         0.918         0.980         0.983         0.984
 TRUSTFS1       0.918         0.920         0.918         0.923         0.917
 TRUSTFS2       0.923         0.925         0.923         0.928         0.922
 TRUSTFS3       0.923         0.923         0.922         0.926         0.920
 TRUSTFS4       0.923         0.925         0.923         0.928         0.922
 NEIGHB1        0.799         0.801         0.853         0.856         0.851
 NEIGHB2        0.799         0.801         0.853         0.856         0.851
 NEIGHB3        0.799         0.801         0.853         0.856         0.851
 NEIGHB4        0.799         0.801         0.853         0.856         0.851
 NEIGHB5        0.799         0.801         0.853         0.856         0.851
 NEIGHB6        0.799         0.801         0.853         0.856         0.851
 NEIGHB7        0.799         0.801         0.853         0.856         0.851


           Covariance Coverage
              TRUSTFS1      TRUSTFS2      TRUSTFS3      TRUSTFS4      NEIGHB1
              ________      ________      ________      ________      ________
 TRUSTFS1       0.926
 TRUSTFS2       0.926         0.931
 TRUSTFS3       0.923         0.928         0.929
 TRUSTFS4       0.925         0.929         0.929         0.931
 NEIGHB1        0.796         0.801         0.799         0.801         0.864
 NEIGHB2        0.796         0.801         0.799         0.801         0.864
 NEIGHB3        0.796         0.801         0.799         0.801         0.864
 NEIGHB4        0.796         0.801         0.799         0.801         0.864
 NEIGHB5        0.796         0.801         0.799         0.801         0.864
 NEIGHB6        0.796         0.801         0.799         0.801         0.864
 NEIGHB7        0.796         0.801         0.799         0.801         0.864


           Covariance Coverage
              NEIGHB2       NEIGHB3       NEIGHB4       NEIGHB5       NEIGHB6
              ________      ________      ________      ________      ________
 NEIGHB2        0.864
 NEIGHB3        0.864         0.864
 NEIGHB4        0.864         0.864         0.864
 NEIGHB5        0.864         0.864         0.864         0.864
 NEIGHB6        0.864         0.864         0.864         0.864         0.864
 NEIGHB7        0.864         0.864         0.864         0.864         0.864


           Covariance Coverage
              NEIGHB7
              ________
 NEIGHB7        0.864



THE MODEL ESTIMATION TERMINATED NORMALLY



MODEL FIT INFORMATION

Number of Free Parameters                      103

Loglikelihood

          H0 Value                      -16534.212
          H0 Scaling Correction Factor       1.622
            for MLR
          H1 Value                      -15660.923
          H1 Scaling Correction Factor       1.228
            for MLR

Information Criteria

          Akaike (AIC)                   33274.423
          Bayesian (BIC)                 33733.632
          Sample-Size Adjusted BIC       33406.615
            (n* = (n + 2) / 24)

Chi-Square Test of Model Fit

          Value                           1542.214*
          Degrees of Freedom                   424
          P-Value                           0.0000
          Scaling Correction Factor          1.133
            for MLR

*   The chi-square value for MLM, MLMV, MLR, ULSMV, WLSM and WLSMV cannot be used
    for chi-square difference testing in the regular way.  MLM, MLR and WLSM
    chi-square difference testing is described on the Mplus website.  MLMV, WLSMV,
    and ULSMV difference testing is done using the DIFFTEST option.

RMSEA (Root Mean Square Error Of Approximation)

          Estimate                           0.064
          90 Percent C.I.                    0.061  0.068
          Probability RMSEA <= .05           0.000

CFI/TLI

          CFI                                0.790
          TLI                                0.770

Chi-Square Test of Model Fit for the Baseline Model

          Value                           5788.126
          Degrees of Freedom                   465
          P-Value                           0.0000

SRMR (Standardized Root Mean Square Residual)

          Value                              0.058



MODEL RESULTS

                                                    Two-Tailed
                    Estimate       S.E.  Est./S.E.    P-Value

 EFFECT   BY
    EFFECT1            1.000      0.000    999.000    999.000
    EFFECT2            0.984      0.066     14.893      0.000
    EFFECT3            0.668      0.072      9.256      0.000
    EFFECT4            1.127      0.098     11.556      0.000
    EFFECT5            1.398      0.123     11.325      0.000
    EFFECT6            1.468      0.149      9.881      0.000
    EFFECT7            1.284      0.131      9.805      0.000

 RISK     BY
    RISK1              1.000      0.000    999.000    999.000
    RISK2              0.995      0.083     11.973      0.000
    RISK3              0.888      0.080     11.158      0.000

 TRUST    BY
    TRUST1             1.000      0.000    999.000    999.000
    TRUST2             0.756      0.080      9.408      0.000
    TRUST3             1.267      0.121     10.515      0.000
    TRUSTFS1           1.950      0.241      8.096      0.000
    TRUSTFS2           2.076      0.260      7.976      0.000
    TRUSTFS3           1.902      0.243      7.817      0.000
    TRUSTFS4           2.323      0.284      8.186      0.000

 NORM     BY
    NEIGHB1            1.000      0.000    999.000    999.000
    NEIGHB2            3.909      1.712      2.282      0.022
    NEIGHB3            3.649      1.812      2.014      0.044
    NEIGHB4            4.165      2.080      2.003      0.045
    NEIGHB5            7.926      3.473      2.282      0.022
    NEIGHB6            6.301      2.602      2.421      0.015
    NEIGHB7            8.670      3.860      2.246      0.025

 FUTURE   BY
    DSFUT1             1.000      0.000    999.000    999.000
    DSFUT2             1.544      0.181      8.522      0.000
    DSFUT3             1.424      0.194      7.359      0.000
    DSFUT4             2.030      0.278      7.314      0.000
    DSFUT5             2.587      0.364      7.107      0.000
    DSFUT6             2.635      0.365      7.214      0.000
    DSFUT7             2.737      0.404      6.783      0.000

 RISK     WITH
    EFFECT             0.066      0.022      3.064      0.002

 TRUST    WITH
    EFFECT             0.050      0.014      3.711      0.000
    RISK              -0.006      0.016     -0.380      0.704

 NORM     WITH
    EFFECT             0.000      0.001      0.547      0.585
    RISK               0.000      0.001     -0.230      0.818
    TRUST              0.000      0.000      0.978      0.328

 FUTURE   WITH
    EFFECT             0.112      0.018      6.142      0.000
    RISK               0.061      0.019      3.249      0.001
    TRUST              0.011      0.008      1.356      0.175
    NORM               0.000      0.000      0.686      0.493

 Intercepts
    EFFECT1            4.093      0.034    120.827      0.000
    EFFECT2            4.072      0.033    123.827      0.000
    EFFECT3            4.437      0.026    172.213      0.000
    EFFECT4            4.052      0.032    126.202      0.000
    EFFECT5            3.677      0.036    102.482      0.000
    EFFECT6            3.602      0.040     89.182      0.000
    EFFECT7            3.856      0.037    104.746      0.000
    DSFUT1             4.270      0.037    114.745      0.000
    DSFUT2             4.032      0.051     78.782      0.000
    DSFUT3             4.123      0.048     86.752      0.000
    DSFUT4             3.679      0.052     71.280      0.000
    DSFUT5             3.359      0.055     61.062      0.000
    DSFUT6             3.168      0.059     53.534      0.000
    DSFUT7             3.320      0.060     55.258      0.000
    RISK1              3.989      0.039    103.423      0.000
    RISK2              3.107      0.045     68.852      0.000
    RISK3              3.532      0.044     80.941      0.000
    TRUST1             3.355      0.039     85.782      0.000
    TRUST2             3.623      0.034    107.556      0.000
    TRUST3             3.395      0.042     81.232      0.000
    TRUSTFS1           3.776      0.038     99.118      0.000
    TRUSTFS2           3.683      0.039     93.833      0.000
    TRUSTFS3           3.841      0.038    101.857      0.000
    TRUSTFS4           3.584      0.044     80.873      0.000
    NEIGHB1            0.943      0.004    229.813      0.000
    NEIGHB2            0.782      0.008     99.948      0.000
    NEIGHB3            0.837      0.009     91.460      0.000
    NEIGHB4            0.705      0.010     69.371      0.000
    NEIGHB5            0.532      0.010     52.843      0.000
    NEIGHB6            0.468      0.011     44.021      0.000
    NEIGHB7            0.636      0.009     67.709      0.000

 Variances
    EFFECT             0.253      0.041      6.162      0.000
    RISK               0.575      0.060      9.575      0.000
    TRUST              0.162      0.038      4.212      0.000
    NORM               0.000      0.000      1.180      0.238
    FUTURE             0.140      0.036      3.885      0.000

 Residual Variances
    EFFECT1            0.472      0.042     11.243      0.000
    EFFECT2            0.439      0.041     10.611      0.000
    EFFECT3            0.305      0.025     12.441      0.000
    EFFECT4            0.330      0.035      9.506      0.000
    EFFECT5            0.316      0.028     11.270      0.000
    EFFECT6            0.484      0.047     10.312      0.000
    EFFECT7            0.441      0.046      9.497      0.000
    DSFUT1             0.580      0.064      9.020      0.000
    DSFUT2             1.019      0.097     10.544      0.000
    DSFUT3             0.865      0.075     11.606      0.000
    DSFUT4             0.886      0.088     10.029      0.000
    DSFUT5             0.736      0.076      9.708      0.000
    DSFUT6             0.998      0.098     10.177      0.000
    DSFUT7             0.967      0.102      9.474      0.000
    RISK1              0.308      0.061      5.055      0.000
    RISK2              0.642      0.059     10.901      0.000
    RISK3              0.679      0.060     11.328      0.000
    TRUST1             0.802      0.052     15.439      0.000
    TRUST2             0.627      0.044     14.392      0.000
    TRUST3             0.841      0.054     15.545      0.000
    TRUSTFS1           0.255      0.031      8.312      0.000
    TRUSTFS2           0.229      0.029      7.824      0.000
    TRUSTFS3           0.268      0.036      7.368      0.000
    TRUSTFS4           0.311      0.041      7.491      0.000
    NEIGHB1            0.009      0.003      3.528      0.000
    NEIGHB2            0.029      0.003      9.164      0.000
    NEIGHB3            0.042      0.005      8.431      0.000
    NEIGHB4            0.051      0.005     10.522      0.000
    NEIGHB5            0.035      0.006      5.790      0.000
    NEIGHB6            0.049      0.005      9.616      0.000
    NEIGHB7            0.023      0.005      5.185      0.000


STANDARDIZED MODEL RESULTS


STDYX Standardization

                                                    Two-Tailed
                    Estimate       S.E.  Est./S.E.    P-Value

 EFFECT   BY
    EFFECT1            0.591      0.039     15.220      0.000
    EFFECT2            0.598      0.040     14.987      0.000
    EFFECT3            0.520      0.036     14.254      0.000
    EFFECT4            0.702      0.031     22.776      0.000
    EFFECT5            0.781      0.023     34.379      0.000
    EFFECT6            0.728      0.030     24.198      0.000
    EFFECT7            0.697      0.035     20.053      0.000

 RISK     BY
    RISK1              0.807      0.039     20.757      0.000
    RISK2              0.686      0.036     19.225      0.000
    RISK3              0.633      0.040     15.937      0.000

 TRUST    BY
    TRUST1             0.410      0.045      9.077      0.000
    TRUST2             0.358      0.047      7.564      0.000
    TRUST3             0.486      0.043     11.403      0.000
    TRUSTFS1           0.841      0.021     39.786      0.000
    TRUSTFS2           0.868      0.019     45.970      0.000
    TRUSTFS3           0.828      0.025     32.663      0.000
    TRUSTFS4           0.859      0.019     44.200      0.000

 NORM     BY
    NEIGHB1            0.189      0.093      2.030      0.042
    NEIGHB2            0.388      0.063      6.122      0.000
    NEIGHB3            0.310      0.073      4.250      0.000
    NEIGHB4            0.318      0.070      4.539      0.000
    NEIGHB5            0.612      0.081      7.537      0.000
    NEIGHB6            0.461      0.075      6.173      0.000
    NEIGHB7            0.718      0.063     11.343      0.000

 FUTURE   BY
    DSFUT1             0.441      0.049      9.016      0.000
    DSFUT2             0.497      0.046     10.828      0.000
    DSFUT3             0.498      0.047     10.512      0.000
    DSFUT4             0.628      0.043     14.672      0.000
    DSFUT5             0.749      0.030     24.554      0.000
    DSFUT6             0.703      0.036     19.743      0.000
    DSFUT7             0.722      0.034     20.955      0.000

 RISK     WITH
    EFFECT             0.174      0.055      3.181      0.001

 TRUST    WITH
    EFFECT             0.249      0.050      4.969      0.000
    RISK              -0.020      0.051     -0.383      0.702

 NORM     WITH
    EFFECT             0.033      0.059      0.569      0.569
    RISK              -0.014      0.063     -0.227      0.820
    TRUST              0.058      0.051      1.140      0.254

 FUTURE   WITH
    EFFECT             0.593      0.044     13.560      0.000
    RISK               0.215      0.055      3.871      0.000
    TRUST              0.070      0.051      1.391      0.164
    NORM               0.046      0.061      0.748      0.454

 Intercepts
    EFFECT1            4.808      0.199     24.158      0.000
    EFFECT2            4.924      0.207     23.752      0.000
    EFFECT3            6.863      0.317     21.681      0.000
    EFFECT4            5.022      0.214     23.421      0.000
    EFFECT5            4.086      0.132     30.925      0.000
    EFFECT6            3.551      0.117     30.286      0.000
    EFFECT7            4.163      0.157     26.515      0.000
    DSFUT1             5.031      0.295     17.054      0.000
    DSFUT2             3.466      0.171     20.314      0.000
    DSFUT3             3.845      0.196     19.644      0.000
    DSFUT4             3.040      0.121     25.046      0.000
    DSFUT5             2.595      0.089     29.319      0.000
    DSFUT6             2.255      0.068     33.052      0.000
    DSFUT7             2.337      0.075     31.031      0.000
    RISK1              4.245      0.150     28.256      0.000
    RISK2              2.823      0.070     40.144      0.000
    RISK3              3.320      0.103     32.285      0.000
    TRUST1             3.417      0.122     28.022      0.000
    TRUST2             4.271      0.171     24.930      0.000
    TRUST3             3.236      0.112     28.903      0.000
    TRUSTFS1           4.046      0.166     24.386      0.000
    TRUSTFS2           3.826      0.141     27.097      0.000
    TRUSTFS3           4.156      0.177     23.516      0.000
    TRUSTFS4           3.293      0.118     27.905      0.000
    NEIGHB1            9.789      1.301      7.527      0.000
    NEIGHB2            4.255      0.191     22.257      0.000
    NEIGHB3            3.897      0.239     16.294      0.000
    NEIGHB4            2.955      0.129     22.947      0.000
    NEIGHB5            2.254      0.075     30.079      0.000
    NEIGHB6            1.878      0.062     30.103      0.000
    NEIGHB7            2.889      0.122     23.621      0.000

 Variances
    EFFECT             1.000      0.000    999.000    999.000
    RISK               1.000      0.000    999.000    999.000
    TRUST              1.000      0.000    999.000    999.000
    NORM               1.000      0.000    999.000    999.000
    FUTURE             1.000      0.000    999.000    999.000

 Residual Variances
    EFFECT1            0.651      0.046     14.195      0.000
    EFFECT2            0.642      0.048     13.428      0.000
    EFFECT3            0.730      0.038     19.238      0.000
    EFFECT4            0.507      0.043     11.705      0.000
    EFFECT5            0.390      0.035     10.986      0.000
    EFFECT6            0.471      0.044     10.752      0.000
    EFFECT7            0.514      0.048     10.592      0.000
    DSFUT1             0.805      0.043     18.633      0.000
    DSFUT2             0.753      0.046     16.497      0.000
    DSFUT3             0.752      0.047     15.966      0.000
    DSFUT4             0.605      0.054     11.245      0.000
    DSFUT5             0.439      0.046      9.613      0.000
    DSFUT6             0.506      0.050     10.111      0.000
    DSFUT7             0.479      0.050      9.637      0.000
    RISK1              0.349      0.063      5.566      0.000
    RISK2              0.530      0.049     10.835      0.000
    RISK3              0.600      0.050     11.948      0.000
    TRUST1             0.832      0.037     22.483      0.000
    TRUST2             0.871      0.034     25.649      0.000
    TRUST3             0.764      0.041     18.435      0.000
    TRUSTFS1           0.293      0.036      8.245      0.000
    TRUSTFS2           0.247      0.033      7.539      0.000
    TRUSTFS3           0.314      0.042      7.474      0.000
    TRUSTFS4           0.262      0.033      7.853      0.000
    NEIGHB1            0.964      0.035     27.318      0.000
    NEIGHB2            0.850      0.049     17.309      0.000
    NEIGHB3            0.904      0.045     19.999      0.000
    NEIGHB4            0.899      0.045     20.113      0.000
    NEIGHB5            0.625      0.099      6.290      0.000
    NEIGHB6            0.787      0.069     11.420      0.000
    NEIGHB7            0.485      0.091      5.331      0.000


R-SQUARE

    Observed                                        Two-Tailed
    Variable        Estimate       S.E.  Est./S.E.    P-Value

    EFFECT1            0.349      0.046      7.610      0.000
    EFFECT2            0.358      0.048      7.493      0.000
    EFFECT3            0.270      0.038      7.127      0.000
    EFFECT4            0.493      0.043     11.388      0.000
    EFFECT5            0.610      0.035     17.189      0.000
    EFFECT6            0.529      0.044     12.099      0.000
    EFFECT7            0.486      0.048     10.027      0.000
    DSFUT1             0.195      0.043      4.508      0.000
    DSFUT2             0.247      0.046      5.414      0.000
    DSFUT3             0.248      0.047      5.256      0.000
    DSFUT4             0.395      0.054      7.336      0.000
    DSFUT5             0.561      0.046     12.277      0.000
    DSFUT6             0.494      0.050      9.872      0.000
    DSFUT7             0.521      0.050     10.477      0.000
    RISK1              0.651      0.063     10.379      0.000
    RISK2              0.470      0.049      9.613      0.000
    RISK3              0.400      0.050      7.968      0.000
    TRUST1             0.168      0.037      4.538      0.000
    TRUST2             0.129      0.034      3.782      0.000
    TRUST3             0.236      0.041      5.701      0.000
    TRUSTFS1           0.707      0.036     19.893      0.000
    TRUSTFS2           0.753      0.033     22.985      0.000
    TRUSTFS3           0.686      0.042     16.331      0.000
    TRUSTFS4           0.738      0.033     22.100      0.000
    NEIGHB1            0.036      0.035      1.015      0.310
    NEIGHB2            0.150      0.049      3.061      0.002
    NEIGHB3            0.096      0.045      2.125      0.034
    NEIGHB4            0.101      0.045      2.269      0.023
    NEIGHB5            0.375      0.099      3.769      0.000
    NEIGHB6            0.213      0.069      3.086      0.002
    NEIGHB7            0.515      0.091      5.672      0.000


QUALITY OF NUMERICAL RESULTS

     Condition Number for the Information Matrix              0.456E-09
       (ratio of smallest to largest eigenvalue)


MODEL MODIFICATION INDICES

Minimum M.I. value for printing the modification index    10.000

                            M.I.     E.P.C.  Std E.P.C.  StdYX E.P.C.

ON/BY Statements

EFFECT7  ON FUTURE   /
FUTURE   BY EFFECT7        12.417     0.457      0.171        0.185

ON Statements

FUTURE   ON EFFECT7        11.884     0.092      0.245        0.227
EFFECT1  ON EFFECT2       108.355     0.507      0.507        0.493
EFFECT1  ON EFFECT6        18.430    -0.214     -0.214       -0.255
EFFECT1  ON EFFECT7        11.532    -0.173     -0.173       -0.188
EFFECT1  ON DSFUT1         19.656     0.179      0.179        0.178
EFFECT2  ON EFFECT1       108.355     0.472      0.472        0.486
EFFECT2  ON EFFECT3        11.014     0.184      0.184        0.144
EFFECT2  ON EFFECT6        23.309    -0.233     -0.233       -0.285
EFFECT2  ON DSFUT2         23.639     0.142      0.142        0.200
EFFECT3  ON EFFECT2        11.014     0.128      0.128        0.163
EFFECT3  ON EFFECT4        20.318     0.209      0.209        0.261
EFFECT3  ON EFFECT5        11.530    -0.173     -0.173       -0.242
EFFECT3  ON DSFUT3         10.638     0.084      0.084        0.140
EFFECT4  ON EFFECT3        20.318     0.226      0.226        0.181
EFFECT4  ON EFFECT5        30.120     0.327      0.327        0.365
EFFECT4  ON EFFECT7        19.629    -0.201     -0.201       -0.231
EFFECT4  ON DSFUT4         19.656     0.114      0.114        0.171
EFFECT4  ON DSFUT6         18.009    -0.096     -0.096       -0.167
EFFECT4  ON DSFUT7         17.985    -0.096     -0.096       -0.169
EFFECT5  ON EFFECT3        11.530    -0.180     -0.180       -0.129
EFFECT5  ON EFFECT4        30.120     0.313      0.313        0.281
EFFECT6  ON EFFECT1        18.430    -0.219     -0.219       -0.184
EFFECT6  ON EFFECT2        23.309    -0.257     -0.257       -0.209
EFFECT6  ON EFFECT7        87.421     0.528      0.528        0.482
EFFECT6  ON DSFUT6         37.027     0.169      0.169        0.235
EFFECT7  ON EFFECT1        11.532    -0.161     -0.161       -0.148
EFFECT7  ON EFFECT4        19.629    -0.269     -0.269       -0.234
EFFECT7  ON EFFECT6        87.421     0.481      0.481        0.526
EFFECT7  ON DSFUT6         11.863     0.090      0.090        0.136
EFFECT7  ON DSFUT7         43.031     0.171      0.171        0.263
DSFUT1   ON EFFECT1        15.192     0.178      0.178        0.179
DSFUT1   ON EFFECT7        13.644    -0.161     -0.161       -0.176
DSFUT1   ON DSFUT2         48.582     0.264      0.264        0.362
DSFUT1   ON DSFUT3         17.228     0.169      0.169        0.214
DSFUT1   ON DSFUT7         14.165    -0.160     -0.160       -0.268
DSFUT2   ON EFFECT2        18.925     0.280      0.280        0.199
DSFUT2   ON DSFUT1         48.582     0.464      0.464        0.338
DSFUT2   ON DSFUT3         13.654     0.205      0.205        0.189
DSFUT3   ON EFFECT5        10.702    -0.190     -0.190       -0.160
DSFUT3   ON EFFECT6        15.068    -0.195     -0.195       -0.185
DSFUT3   ON DSFUT1         17.228     0.252      0.252        0.200
DSFUT3   ON DSFUT2         13.654     0.174      0.174        0.189
DSFUT3   ON DSFUT4         13.652     0.193      0.193        0.218
DSFUT3   ON DSFUT6         10.843    -0.169     -0.169       -0.222
DSFUT4   ON EFFECT4        28.147     0.344      0.344        0.229
DSFUT4   ON DSFUT3         13.652     0.198      0.198        0.175
DSFUT4   ON DSFUT5         17.860     0.291      0.291        0.312
DSFUT4   ON DSFUT6         22.837    -0.264     -0.264       -0.306
DSFUT5   ON DSFUT4         17.860     0.242      0.242        0.226
DSFUT6   ON EFFECT6        32.540     0.327      0.327        0.236
DSFUT6   ON DSFUT3         10.843    -0.195     -0.195       -0.149
DSFUT6   ON DSFUT4         22.837    -0.297     -0.297       -0.256
DSFUT6   ON DSFUT7         45.829     0.442      0.442        0.447
DSFUT7   ON EFFECT7        30.081     0.340      0.340        0.222
DSFUT7   ON DSFUT1         14.165    -0.266     -0.266       -0.159
DSFUT7   ON DSFUT6         45.829     0.429      0.429        0.424
TRUST1   ON TRUST2        200.762     0.696      0.696        0.601
TRUST1   ON TRUST3        112.156     0.455      0.455        0.487
TRUST1   ON TRUSTFS2       15.308    -0.385     -0.385       -0.378
TRUST2   ON TRUST1        200.762     0.544      0.544        0.629
TRUST2   ON TRUST3        106.982     0.391      0.391        0.484
TRUST2   ON TRUSTFS2       13.454    -0.317     -0.317       -0.359
TRUST2   ON TRUSTFS4       10.181    -0.233     -0.233       -0.299
TRUST3   ON TRUST1        112.156     0.477      0.477        0.447
TRUST3   ON TRUST2        106.982     0.524      0.524        0.424
TRUSTFS2 ON TRUST1         15.308    -0.110     -0.110       -0.112
TRUSTFS2 ON TRUST2         13.454    -0.116     -0.116       -0.102
TRUSTFS4 ON TRUST2         10.181    -0.115     -0.115       -0.090
NEIGHB3  ON NEIGHB4        11.120     0.144      0.144        0.160
NEIGHB3  ON NEIGHB5        14.285    -0.232     -0.232       -0.256
NEIGHB4  ON NEIGHB3        11.120     0.177      0.177        0.159
NEIGHB4  ON NEIGHB6        10.284    -0.165     -0.165       -0.172
NEIGHB5  ON NEIGHB3        14.285    -0.194     -0.194       -0.177
NEIGHB6  ON NEIGHB4        10.284    -0.157     -0.157       -0.151

WITH Statements

EFFECT2  WITH EFFECT1     108.355     0.223      0.223        0.490
EFFECT3  WITH EFFECT2      11.014     0.056      0.056        0.153
EFFECT4  WITH EFFECT3      20.318     0.069      0.069        0.217
EFFECT5  WITH EFFECT3      11.530    -0.055     -0.055       -0.177
EFFECT5  WITH EFFECT4      30.120     0.103      0.103        0.320
EFFECT6  WITH EFFECT1      18.430    -0.103     -0.103       -0.216
EFFECT6  WITH EFFECT2      23.309    -0.113     -0.113       -0.244
EFFECT7  WITH FUTURE       11.884     0.040      0.108        0.163
EFFECT7  WITH EFFECT1      11.532    -0.076     -0.076       -0.167
EFFECT7  WITH EFFECT4      19.629    -0.089     -0.089       -0.233
EFFECT7  WITH EFFECT6      87.421     0.233      0.233        0.504
DSFUT1   WITH EFFECT1      24.948     0.128      0.128        0.244
DSFUT1   WITH EFFECT7      19.120    -0.111     -0.111       -0.220
DSFUT2   WITH EFFECT2      27.816     0.177      0.177        0.265
DSFUT2   WITH DSFUT1       48.582     0.269      0.269        0.350
DSFUT3   WITH EFFECT3      18.774     0.109      0.109        0.213
DSFUT3   WITH EFFECT6      10.654    -0.110     -0.110       -0.170
DSFUT3   WITH DSFUT1       17.228     0.146      0.146        0.207
DSFUT3   WITH DSFUT2       13.654     0.177      0.177        0.189
DSFUT4   WITH EFFECT4      47.078     0.194      0.194        0.358
DSFUT4   WITH DSFUT3       13.652     0.171      0.171        0.195
DSFUT5   WITH EFFECT3      10.285    -0.082     -0.082       -0.173
DSFUT5   WITH EFFECT5      11.473     0.097      0.097        0.202
DSFUT5   WITH DSFUT4       17.860     0.214      0.214        0.265
DSFUT6   WITH EFFECT4      16.615    -0.125     -0.125       -0.218
DSFUT6   WITH EFFECT6      48.871     0.264      0.264        0.380
DSFUT6   WITH DSFUT3       10.843    -0.169     -0.169       -0.182
DSFUT6   WITH DSFUT4       22.837    -0.263     -0.263       -0.280
DSFUT7   WITH EFFECT4      17.051    -0.127     -0.127       -0.225
DSFUT7   WITH EFFECT7      42.080     0.230      0.230        0.352
DSFUT7   WITH DSFUT1       14.165    -0.155     -0.155       -0.206
DSFUT7   WITH DSFUT6       45.829     0.428      0.428        0.435
TRUST2   WITH TRUST1      200.762     0.436      0.436        0.615
TRUST3   WITH TRUST1      112.156     0.383      0.383        0.466
TRUST3   WITH TRUST2      106.982     0.329      0.329        0.453
TRUSTFS2 WITH TRUST1       15.308    -0.088     -0.088       -0.206
TRUSTFS2 WITH TRUST2       13.454    -0.072     -0.072       -0.191
TRUSTFS4 WITH TRUST2       10.181    -0.072     -0.072       -0.164
NEIGHB4  WITH NEIGHB3      11.120     0.007      0.007        0.159
NEIGHB5  WITH NEIGHB3      14.285    -0.008     -0.008       -0.213
NEIGHB6  WITH NEIGHB4      10.284    -0.008     -0.008       -0.161


     Beginning Time:  12:04:07
        Ending Time:  12:04:41
       Elapsed Time:  00:00:34



MUTHEN & MUTHEN
3463 Stoner Ave.
Los Angeles, CA  90066

Tel: (310) 391-9971
Fax: (310) 391-8971
Web: www.StatModel.com
Support: Support@StatModel.com

Copyright (c) 1998-2011 Muthen & Muthen
