Mplus VERSION 6.12 (Mac)
MUTHEN & MUTHEN
01/27/2016  11:12 AM

INPUT INSTRUCTIONS

  TITLE:        Structural Equation Model - Behavioral intention;

  DATA:        FILE = mplusdata.csv;
          !LISTWISE = ON;

  VARIABLE:
          NAMES ARE ! Every variable in data set
                  id
                  belief1-belief4
                  risk1-risk3
                  effect1-effect7
                  dsnow1-dsnow7
                  dsfut1-dsfut7
                  exp1-exp3
                  near03f;

          !CATEGORICAL ARE
                  !dsnow1-dsnow7;
                  !exp2;
                  !exp3;

          MISSING ARE ALL (99);

          USEVARIABLES ARE
                  belief1-belief4
                  risk1-risk3
                  effect4-effect7
                  !dsnow1-dsnow7
                  dsfut4-dsfut7
                  !exp1                ! injured - only 2% yes
                  exp2                ! property destroyed/damaged
                  exp3                ! evacuated
                  !near03f                ! Have problems with model when this is included
                  ;

  ANALYSIS:
          !ESTIMATOR IS MLR;         ! For continuous items whose residuals may not be norma
          !ITERATIONS = 10000;

  MODEL:

  ! Measurement Models

          belief BY belief1-belief4;
          effect BY effect4-effect7;
          risk BY risk1-risk3;
          !current BY dsnow1-dsnow7;
          future BY dsfut4-dsfut7;
          !experien BY exp2 exp3;        ! drop exp1 (injured) because only 2% yes

  ! Structural Models

          effect ON belief;
          !effect ON exp2;
          !effect ON exp3;
          !effect ON near03f;

          risk ON belief;
          risk ON exp2;
          risk ON exp3;
          !risk ON near03f;

                  !future ON exp2;
          !future ON exp3;
          !future ON near03f;
          future ON belief;
          future ON effect;
          future ON risk;

  ! Correlated Errors

          belief1 WITH belief2;
          belief3 WITH belief4;
          effect4 WITH effect5;

  OUTPUT:
          SAMPSTAT;                        ! Descriptive stats for variables
          !RESIDUAL;                        ! Requests standardized and normalized residuals
          STDYX;                        ! Requests fully standardized solution
          !MODINDICES (ALL);                ! Method to improve model (at p<.05)
          !TECH1;                        ! Identifies paramaters for error messages
          !TECH3;                        ! Requests estimated covariance and correlation
                                  ! matrices for the parameter estimates

  SAVEDATA:
          !TECH3 IS tech3.txt;        ! Save parameter matrix



*** WARNING
  Data set contains cases with missing on all variables.
  These cases were not included in the analysis.
  Number of cases with missing on all variables:  2
*** WARNING
  Data set contains cases with missing on x-variables.
  These cases were not included in the analysis.
  Number of cases with missing on x-variables:  1
*** WARNING
  Data set contains cases with missing on all variables except
  x-variables.  These cases were not included in the analysis.
  Number of cases with missing on all variables except x-variables:  1
   3 WARNING(S) FOUND IN THE INPUT INSTRUCTIONS



Structural Equation Model - Behavioral intention;

SUMMARY OF ANALYSIS

Number of groups                                                 1
Number of observations                                         634

Number of dependent variables                                   15
Number of independent variables                                  2
Number of continuous latent variables                            4

Observed dependent variables

  Continuous
   BELIEF1     BELIEF2     BELIEF3     BELIEF4     RISK1       RISK2
   RISK3       EFFECT4     EFFECT5     EFFECT6     EFFECT7     DSFUT4
   DSFUT5      DSFUT6      DSFUT7

Observed independent variables
   EXP2        EXP3

Continuous latent variables
   BELIEF      EFFECT      RISK        FUTURE


Estimator                                                       ML
Information matrix                                        OBSERVED
Maximum number of iterations                                  1000
Convergence criterion                                    0.500D-04
Maximum number of steepest descent iterations                   20
Maximum number of iterations for H1                           2000
Convergence criterion for H1                             0.100D-03

Input data file(s)
  mplusdata.csv

Input data format  FREE


SUMMARY OF DATA

     Number of missing data patterns            39


COVARIANCE COVERAGE OF DATA

Minimum covariance coverage value   0.100


     PROPORTION OF DATA PRESENT


           Covariance Coverage
              BELIEF1       BELIEF2       BELIEF3       BELIEF4       RISK1
              ________      ________      ________      ________      ________
 BELIEF1        0.991
 BELIEF2        0.976         0.983
 BELIEF3        0.986         0.979         0.992
 BELIEF4        0.979         0.976         0.983         0.986
 RISK1          0.924         0.918         0.926         0.923         0.934
 RISK2          0.924         0.915         0.924         0.920         0.929
 RISK3          0.924         0.916         0.926         0.921         0.931
 EFFECT4        0.989         0.981         0.991         0.984         0.929
 EFFECT5        0.978         0.972         0.981         0.975         0.918
 EFFECT6        0.984         0.976         0.986         0.979         0.924
 EFFECT7        0.989         0.983         0.991         0.984         0.929
 DSFUT4         0.842         0.838         0.847         0.841         0.849
 DSFUT5         0.815         0.808         0.817         0.811         0.819
 DSFUT6         0.852         0.849         0.856         0.850         0.858
 DSFUT7         0.844         0.836         0.844         0.839         0.847
 EXP2           0.991         0.983         0.992         0.986         0.934
 EXP3           0.991         0.983         0.992         0.986         0.934


           Covariance Coverage
              RISK2         RISK3         EFFECT4       EFFECT5       EFFECT6
              ________      ________      ________      ________      ________
 RISK2          0.932
 RISK3          0.929         0.934
 EFFECT4        0.927         0.929         0.995
 EFFECT5        0.916         0.918         0.983         0.984
 EFFECT6        0.923         0.924         0.989         0.979         0.991
 EFFECT7        0.927         0.929         0.994         0.983         0.989
 DSFUT4         0.844         0.845         0.847         0.839         0.842
 DSFUT5         0.814         0.815         0.817         0.806         0.812
 DSFUT6         0.853         0.855         0.856         0.847         0.853
 DSFUT7         0.842         0.844         0.845         0.834         0.841
 EXP2           0.932         0.934         0.995         0.984         0.991
 EXP3           0.932         0.934         0.995         0.984         0.991


           Covariance Coverage
              EFFECT7       DSFUT4        DSFUT5        DSFUT6        DSFUT7
              ________      ________      ________      ________      ________
 EFFECT7        0.995
 DSFUT4         0.847         0.852
 DSFUT5         0.817         0.790         0.822
 DSFUT6         0.858         0.823         0.804         0.861
 DSFUT7         0.845         0.819         0.803         0.834         0.850
 EXP2           0.995         0.852         0.822         0.861         0.850
 EXP3           0.995         0.852         0.822         0.861         0.850


           Covariance Coverage
              EXP2          EXP3
              ________      ________
 EXP2           1.000
 EXP3           1.000         1.000


SAMPLE STATISTICS


     ESTIMATED SAMPLE STATISTICS


           Means
              BELIEF1       BELIEF2       BELIEF3       BELIEF4       RISK1
              ________      ________      ________      ________      ________
      1         2.667         3.441         4.062         2.361         3.986


           Means
              RISK2         RISK3         EFFECT4       EFFECT5       EFFECT6
              ________      ________      ________      ________      ________
      1         3.102         3.529         4.052         3.673         3.601


           Means
              EFFECT7       DSFUT4        DSFUT5        DSFUT6        DSFUT7
              ________      ________      ________      ________      ________
      1         3.852         3.685         3.362         3.175         3.321


           Means
              EXP2          EXP3
              ________      ________
      1         0.311         0.785


           Covariances
              BELIEF1       BELIEF2       BELIEF3       BELIEF4       RISK1
              ________      ________      ________      ________      ________
 BELIEF1        1.546
 BELIEF2       -0.858         1.324
 BELIEF3       -0.256         0.332         0.807
 BELIEF4        0.482        -0.370        -0.661         1.264
 RISK1         -0.083         0.002         0.023        -0.085         0.883
 RISK2         -0.040         0.004        -0.047        -0.003         0.576
 RISK3         -0.038        -0.011         0.058        -0.079         0.508
 EFFECT4       -0.094         0.174         0.166        -0.137         0.054
 EFFECT5       -0.080         0.167         0.128        -0.076         0.064
 EFFECT6       -0.087         0.150         0.091        -0.069         0.062
 EFFECT7       -0.159         0.221         0.107        -0.124         0.057
 DSFUT4        -0.182         0.210         0.187        -0.130         0.156
 DSFUT5        -0.161         0.159         0.160        -0.104         0.102
 DSFUT6        -0.208         0.148         0.116        -0.066         0.089
 DSFUT7        -0.262         0.266         0.218        -0.186         0.119
 EXP2          -0.004        -0.033        -0.022         0.006         0.069
 EXP3          -0.018         0.007        -0.023        -0.001         0.044


           Covariances
              RISK2         RISK3         EFFECT4       EFFECT5       EFFECT6
              ________      ________      ________      ________      ________
 RISK2          1.208
 RISK3          0.496         1.131
 EFFECT4        0.053         0.120         0.650
 EFFECT5        0.111         0.140         0.459         0.816
 EFFECT6        0.144         0.143         0.379         0.543         1.027
 EFFECT7        0.083         0.112         0.304         0.427         0.625
 DSFUT4         0.210         0.121         0.380         0.316         0.310
 DSFUT5         0.152         0.169         0.282         0.446         0.449
 DSFUT6         0.140         0.199         0.217         0.383         0.667
 DSFUT7         0.080         0.111         0.229         0.377         0.518
 EXP2           0.108         0.029        -0.010        -0.007         0.013
 EXP3           0.063         0.020        -0.001        -0.018        -0.007


           Covariances
              EFFECT7       DSFUT4        DSFUT5        DSFUT6        DSFUT7
              ________      ________      ________      ________      ________
 EFFECT7        0.859
 DSFUT4         0.292         1.462
 DSFUT5         0.420         0.852         1.677
 DSFUT6         0.514         0.582         0.924         1.958
 DSFUT7         0.639         0.695         1.011         1.222         2.016
 EXP2           0.018         0.049         0.007         0.051         0.052
 EXP3          -0.016         0.029         0.000         0.023        -0.006


           Covariances
              EXP2          EXP3
              ________      ________
 EXP2           0.214
 EXP3           0.040         0.168


           Correlations
              BELIEF1       BELIEF2       BELIEF3       BELIEF4       RISK1
              ________      ________      ________      ________      ________
 BELIEF1        1.000
 BELIEF2       -0.600         1.000
 BELIEF3       -0.230         0.321         1.000
 BELIEF4        0.345        -0.286        -0.655         1.000
 RISK1         -0.071         0.001         0.027        -0.081         1.000
 RISK2         -0.029         0.004        -0.048        -0.002         0.557
 RISK3         -0.029        -0.009         0.061        -0.066         0.508
 EFFECT4       -0.094         0.188         0.230        -0.151         0.071
 EFFECT5       -0.071         0.161         0.158        -0.075         0.075
 EFFECT6       -0.069         0.128         0.100        -0.060         0.065
 EFFECT7       -0.138         0.207         0.129        -0.119         0.066
 DSFUT4        -0.121         0.151         0.173        -0.095         0.138
 DSFUT5        -0.100         0.107         0.138        -0.071         0.084
 DSFUT6        -0.119         0.092         0.092        -0.042         0.068
 DSFUT7        -0.148         0.163         0.171        -0.117         0.089
 EXP2          -0.006        -0.062        -0.053         0.011         0.159
 EXP3          -0.035         0.016        -0.062        -0.002         0.115


           Correlations
              RISK2         RISK3         EFFECT4       EFFECT5       EFFECT6
              ________      ________      ________      ________      ________
 RISK2          1.000
 RISK3          0.425         1.000
 EFFECT4        0.060         0.139         1.000
 EFFECT5        0.111         0.146         0.631         1.000
 EFFECT6        0.129         0.133         0.464         0.593         1.000
 EFFECT7        0.081         0.114         0.407         0.509         0.665
 DSFUT4         0.158         0.094         0.390         0.290         0.253
 DSFUT5         0.107         0.123         0.270         0.381         0.342
 DSFUT6         0.091         0.134         0.192         0.303         0.470
 DSFUT7         0.051         0.073         0.200         0.294         0.360
 EXP2           0.213         0.060        -0.026        -0.017         0.029
 EXP3           0.140         0.045        -0.005        -0.049        -0.017


           Correlations
              EFFECT7       DSFUT4        DSFUT5        DSFUT6        DSFUT7
              ________      ________      ________      ________      ________
 EFFECT7        1.000
 DSFUT4         0.260         1.000
 DSFUT5         0.350         0.544         1.000
 DSFUT6         0.396         0.344         0.510         1.000
 DSFUT7         0.486         0.405         0.550         0.615         1.000
 EXP2           0.041         0.088         0.011         0.079         0.079
 EXP3          -0.042         0.058         0.001         0.040        -0.011


           Correlations
              EXP2          EXP3
              ________      ________
 EXP2           1.000
 EXP3           0.210         1.000


     MAXIMUM LOG-LIKELIHOOD VALUE FOR THE UNRESTRICTED (H1) MODEL IS  -12401.163


THE MODEL ESTIMATION TERMINATED NORMALLY



MODEL FIT INFORMATION

Number of Free Parameters                       55

Loglikelihood

          H0 Value                      -11849.390
          H1 Value                      -11669.219

Information Criteria

          Akaike (AIC)                   23808.779
          Bayesian (BIC)                 24053.642
          Sample-Size Adjusted BIC       23879.022
            (n* = (n + 2) / 24)

Chi-Square Test of Model Fit

          Value                            360.341
          Degrees of Freedom                   110
          P-Value                           0.0000

RMSEA (Root Mean Square Error Of Approximation)

          Estimate                           0.060
          90 Percent C.I.                    0.053  0.067
          Probability RMSEA <= .05           0.009

CFI/TLI

          CFI                                0.922
          TLI                                0.904

Chi-Square Test of Model Fit for the Baseline Model

          Value                           3341.051
          Degrees of Freedom                   135
          P-Value                           0.0000

SRMR (Standardized Root Mean Square Residual)

          Value                              0.049



MODEL RESULTS

                                                    Two-Tailed
                    Estimate       S.E.  Est./S.E.    P-Value

 BELIEF   BY
    BELIEF1            1.000      0.000    999.000    999.000
    BELIEF2           -0.995      0.119     -8.336      0.000
    BELIEF3           -0.657      0.177     -3.716      0.000
    BELIEF4            0.850      0.203      4.186      0.000

 EFFECT   BY
    EFFECT4            1.000      0.000    999.000    999.000
    EFFECT5            1.409      0.092     15.378      0.000
    EFFECT6            1.948      0.151     12.903      0.000
    EFFECT7            1.680      0.134     12.499      0.000

 RISK     BY
    RISK1              1.000      0.000    999.000    999.000
    RISK2              1.002      0.084     11.954      0.000
    RISK3              0.860      0.072     11.975      0.000

 FUTURE   BY
    DSFUT4             1.000      0.000    999.000    999.000
    DSFUT5             1.386      0.115     12.054      0.000
    DSFUT6             1.513      0.136     11.110      0.000
    DSFUT7             1.612      0.140     11.479      0.000

 EFFECT   ON
    BELIEF            -0.187      0.054     -3.440      0.001

 RISK     ON
    BELIEF            -0.115      0.073     -1.564      0.118

 FUTURE   ON
    BELIEF            -0.121      0.064     -1.896      0.058
    EFFECT             0.932      0.116      8.035      0.000
    RISK               0.079      0.043      1.849      0.064

 RISK     ON
    EXP2               0.313      0.077      4.085      0.000
    EXP3               0.194      0.086      2.245      0.025

 BELIEF1  WITH
    BELIEF2           -0.393      0.120     -3.274      0.001

 BELIEF3  WITH
    BELIEF4           -0.399      0.070     -5.680      0.000

 EFFECT4  WITH
    EFFECT5            0.189      0.023      8.195      0.000

 Intercepts
    BELIEF1            2.666      0.050     53.768      0.000
    BELIEF2            3.439      0.046     74.735      0.000
    BELIEF3            4.062      0.036    113.491      0.000
    BELIEF4            2.360      0.045     52.581      0.000
    RISK1              3.737      0.077     48.336      0.000
    RISK2              2.853      0.082     34.587      0.000
    RISK3              3.314      0.073     45.395      0.000
    EFFECT4            4.051      0.032    126.293      0.000
    EFFECT5            3.674      0.036    102.192      0.000
    EFFECT6            3.601      0.040     89.253      0.000
    EFFECT7            3.852      0.037    104.532      0.000
    DSFUT4             3.664      0.053     69.320      0.000
    DSFUT5             3.341      0.058     57.886      0.000
    DSFUT6             3.143      0.062     50.876      0.000
    DSFUT7             3.295      0.063     52.405      0.000

 Variances
    BELIEF             0.472      0.142      3.316      0.001

 Residual Variances
    BELIEF1            1.076      0.141      7.616      0.000
    BELIEF2            0.859      0.127      6.790      0.000
    BELIEF3            0.604      0.064      9.500      0.000
    BELIEF4            0.924      0.097      9.553      0.000
    RISK1              0.304      0.044      6.848      0.000
    RISK2              0.626      0.056     11.141      0.000
    RISK3              0.702      0.051     13.858      0.000
    EFFECT4            0.460      0.028     16.176      0.000
    EFFECT5            0.435      0.030     14.559      0.000
    EFFECT6            0.305      0.033      9.118      0.000
    EFFECT7            0.321      0.028     11.344      0.000
    DSFUT4             0.993      0.069     14.343      0.000
    DSFUT5             0.778      0.067     11.629      0.000
    DSFUT6             0.895      0.075     11.995      0.000
    DSFUT7             0.799      0.074     10.803      0.000
    EFFECT             0.174      0.026      6.604      0.000
    RISK               0.541      0.060      8.973      0.000
    FUTURE             0.267      0.045      5.917      0.000


STANDARDIZED MODEL RESULTS


STDYX Standardization

                                                    Two-Tailed
                    Estimate       S.E.  Est./S.E.    P-Value

 BELIEF   BY
    BELIEF1            0.552      0.080      6.929      0.000
    BELIEF2           -0.594      0.078     -7.564      0.000
    BELIEF3           -0.502      0.073     -6.902      0.000
    BELIEF4            0.519      0.068      7.585      0.000

 EFFECT   BY
    EFFECT4            0.541      0.033     16.495      0.000
    EFFECT5            0.682      0.026     26.028      0.000
    EFFECT6            0.838      0.020     40.937      0.000
    EFFECT7            0.791      0.022     36.129      0.000

 RISK     BY
    RISK1              0.810      0.032     25.468      0.000
    RISK2              0.694      0.033     20.855      0.000
    RISK3              0.616      0.033     18.432      0.000

 FUTURE   BY
    DSFUT4             0.565      0.036     15.879      0.000
    DSFUT5             0.731      0.028     26.344      0.000
    DSFUT6             0.737      0.026     28.022      0.000
    DSFUT7             0.776      0.025     31.452      0.000

 EFFECT   ON
    BELIEF            -0.295      0.060     -4.916      0.000

 RISK     ON
    BELIEF            -0.104      0.062     -1.663      0.096

 FUTURE   ON
    BELIEF            -0.122      0.059     -2.059      0.040
    EFFECT             0.596      0.042     14.083      0.000
    RISK               0.089      0.047      1.881      0.060

 RISK     ON
    EXP2               0.191      0.046      4.157      0.000
    EXP3               0.105      0.046      2.260      0.024

 BELIEF1  WITH
    BELIEF2           -0.408      0.077     -5.309      0.000

 BELIEF3  WITH
    BELIEF4           -0.534      0.048    -11.144      0.000

 EFFECT4  WITH
    EFFECT5            0.423      0.037     11.483      0.000

 Intercepts
    BELIEF1            2.143      0.072     29.571      0.000
    BELIEF2            2.986      0.094     31.911      0.000
    BELIEF3            4.522      0.133     33.882      0.000
    BELIEF4            2.099      0.071     29.358      0.000
    RISK1              3.976      0.154     25.888      0.000
    RISK2              2.596      0.115     22.506      0.000
    RISK3              3.117      0.123     25.439      0.000
    EFFECT4            5.025      0.147     34.159      0.000
    EFFECT5            4.077      0.122     33.421      0.000
    EFFECT6            3.554      0.108     32.949      0.000
    EFFECT7            4.158      0.124     33.640      0.000
    DSFUT4             3.035      0.103     29.515      0.000
    DSFUT5             2.584      0.091     28.303      0.000
    DSFUT6             2.245      0.081     27.772      0.000
    DSFUT7             2.326      0.083     27.962      0.000

 Variances
    BELIEF             1.000      0.000    999.000    999.000

 Residual Variances
    BELIEF1            0.695      0.088      7.904      0.000
    BELIEF2            0.648      0.093      6.955      0.000
    BELIEF3            0.748      0.073     10.253      0.000
    BELIEF4            0.730      0.071     10.278      0.000
    RISK1              0.344      0.051      6.686      0.000
    RISK2              0.518      0.046     11.222      0.000
    RISK3              0.621      0.041     15.098      0.000
    EFFECT4            0.707      0.035     19.946      0.000
    EFFECT5            0.535      0.036     15.000      0.000
    EFFECT6            0.297      0.034      8.664      0.000
    EFFECT7            0.374      0.035     10.812      0.000
    DSFUT4             0.681      0.040     16.950      0.000
    DSFUT5             0.466      0.041     11.476      0.000
    DSFUT6             0.457      0.039     11.791      0.000
    DSFUT7             0.398      0.038     10.395      0.000
    EFFECT             0.913      0.035     25.824      0.000
    RISK               0.934      0.025     37.713      0.000
    FUTURE             0.574      0.045     12.655      0.000


R-SQUARE

    Observed                                        Two-Tailed
    Variable        Estimate       S.E.  Est./S.E.    P-Value

    BELIEF1            0.305      0.088      3.464      0.001
    BELIEF2            0.352      0.093      3.782      0.000
    BELIEF3            0.252      0.073      3.451      0.001
    BELIEF4            0.270      0.071      3.792      0.000
    RISK1              0.656      0.051     12.734      0.000
    RISK2              0.482      0.046     10.428      0.000
    RISK3              0.379      0.041      9.216      0.000
    EFFECT4            0.293      0.035      8.248      0.000
    EFFECT5            0.465      0.036     13.014      0.000
    EFFECT6            0.703      0.034     20.468      0.000
    EFFECT7            0.626      0.035     18.065      0.000
    DSFUT4             0.319      0.040      7.939      0.000
    DSFUT5             0.534      0.041     13.172      0.000
    DSFUT6             0.543      0.039     14.011      0.000
    DSFUT7             0.602      0.038     15.726      0.000

     Latent                                         Two-Tailed
    Variable        Estimate       S.E.  Est./S.E.    P-Value

    EFFECT             0.087      0.035      2.458      0.014
    RISK               0.066      0.025      2.680      0.007
    FUTURE             0.426      0.045      9.411      0.000


QUALITY OF NUMERICAL RESULTS

     Condition Number for the Information Matrix              0.840E-03
       (ratio of smallest to largest eigenvalue)


     Beginning Time:  11:12:17
        Ending Time:  11:12:19
       Elapsed Time:  00:00:02



MUTHEN & MUTHEN
3463 Stoner Ave.
Los Angeles, CA  90066

Tel: (310) 391-9971
Fax: (310) 391-8971
Web: www.StatModel.com
Support: Support@StatModel.com

Copyright (c) 1998-2011 Muthen & Muthen
