Mplus VERSION 6.12 (Mac)
MUTHEN & MUTHEN
10/20/2015   3:10 PM

INPUT INSTRUCTIONS

  TITLE:        Structural Equation Model - Current behavior with all variables;

  DATA:        FILE = mplusdata.csv;

  VARIABLE:NAMES ARE id biocen1-biocen4 anthro1-anthro5
                  respons1-respons5 freedom1-freedom4 effect1-effect7
                  dsnow1-dsnow7 dsfut1-dsfut7 risk1-risk3
                  trust1-trust3 trustFS1-trustFS4 exp1-exp3
                  neighb1-neighb7 nearcnf near03f;
          CATEGORICAL ARE
                  dsnow1-dsnow7
                  exp1-exp3;
          MISSING ARE ALL (99);
          USEVARIABLES ARE
                  biocen1-biocen4
                  anthro1-anthro5
                  respons1-respons5
                  freedom1-freedom4
                  effect1-effect7
                  dsnow1-dsnow7
                  !dsfut1-dsfut7
                  risk1-risk3
                  trust1-trust3
                  trustFS1-trustFS4
                  exp1-exp3
                  neighb1-neighb7;

  MODEL:        biocen BY biocen1-biocen4;
          anthro BY anthro1-anthro5;
          respons BY respons1-respons5;
          freedom BY freedom1-freedom4;
          effect BY effect1-effect7;
          current BY dsnow1-dsnow7;
          !future BY dsfut1-dsfut7;
          risk BY risk1-risk3;
          trust BY trust1-trust3 trustFS1-trustFS4;
          experien BY exp1-exp3;
          norm BY neighb1-neighb7;

          effect ON respons freedom;
          risk ON respons freedom;
          trust ON respons freedom;
          current ON effect risk trust experien norm;
          !future ON effect risk trust experien norm;

  OUTPUT:         MODINDICES;



INPUT READING TERMINATED NORMALLY



Structural Equation Model - Current behavior with all variables;

SUMMARY OF ANALYSIS

Number of groups                                                 1
Number of observations                                         638

Number of dependent variables                                   52
Number of independent variables                                  0
Number of continuous latent variables                           10

Observed dependent variables

  Continuous
   BIOCEN1     BIOCEN2     BIOCEN3     BIOCEN4     ANTHRO1     ANTHRO2
   ANTHRO3     ANTHRO4     ANTHRO5     RESPONS1    RESPONS2    RESPONS3
   RESPONS4    RESPONS5    FREEDOM1    FREEDOM2    FREEDOM3    FREEDOM4
   EFFECT1     EFFECT2     EFFECT3     EFFECT4     EFFECT5     EFFECT6
   EFFECT7     RISK1       RISK2       RISK3       TRUST1      TRUST2
   TRUST3      TRUSTFS1    TRUSTFS2    TRUSTFS3    TRUSTFS4    NEIGHB1
   NEIGHB2     NEIGHB3     NEIGHB4     NEIGHB5     NEIGHB6     NEIGHB7

  Binary and ordered categorical (ordinal)
   DSNOW1      DSNOW2      DSNOW3      DSNOW4      DSNOW5      DSNOW6
   DSNOW7      EXP1        EXP2        EXP3

Continuous latent variables
   BIOCEN      ANTHRO      RESPONS     FREEDOM     EFFECT      CURRENT
   RISK        TRUST       EXPERIEN    NORM


Estimator                                                    WLSMV
Maximum number of iterations                                  1000
Convergence criterion                                    0.500D-04
Maximum number of steepest descent iterations                   20
Maximum number of iterations for H1                           2000
Convergence criterion for H1                             0.100D-03
Parameterization                                             DELTA

Input data file(s)
  mplusdata.csv

Input data format  FREE


SUMMARY OF DATA

     Number of missing data patterns            81


COVARIANCE COVERAGE OF DATA

Minimum covariance coverage value   0.100


     PROPORTION OF DATA PRESENT


           Covariance Coverage
              BIOCEN1       BIOCEN2       BIOCEN3       BIOCEN4       ANTHRO1
              ________      ________      ________      ________      ________
 BIOCEN1        0.944
 BIOCEN2        0.942         0.944
 BIOCEN3        0.931         0.931         0.934
 BIOCEN4        0.903         0.903         0.897         0.906
 ANTHRO1        0.928         0.928         0.922         0.893         0.931
 ANTHRO2        0.928         0.928         0.922         0.895         0.920
 ANTHRO3        0.923         0.923         0.915         0.889         0.917
 ANTHRO4        0.933         0.933         0.925         0.900         0.925
 ANTHRO5        0.929         0.929         0.922         0.895         0.920
 RESPONS1       0.937         0.937         0.931         0.903         0.928
 RESPONS2       0.939         0.939         0.929         0.901         0.928
 RESPONS3       0.934         0.934         0.926         0.900         0.926
 RESPONS4       0.929         0.929         0.920         0.893         0.920
 RESPONS5       0.931         0.931         0.923         0.895         0.920
 FREEDOM1       0.936         0.936         0.928         0.900         0.926
 FREEDOM2       0.934         0.934         0.926         0.898         0.926
 FREEDOM3       0.939         0.939         0.931         0.903         0.929
 FREEDOM4       0.933         0.933         0.925         0.897         0.923
 EFFECT1        0.937         0.937         0.929         0.901         0.926
 EFFECT2        0.934         0.934         0.925         0.898         0.922
 EFFECT3        0.937         0.937         0.928         0.901         0.925
 EFFECT4        0.937         0.937         0.928         0.901         0.925
 EFFECT5        0.928         0.928         0.918         0.892         0.917
 EFFECT6        0.933         0.933         0.923         0.897         0.920
 EFFECT7        0.937         0.937         0.928         0.901         0.925
 DSNOW1         0.944         0.944         0.934         0.906         0.931
 DSNOW2         0.942         0.942         0.933         0.904         0.929
 DSNOW3         0.944         0.944         0.934         0.906         0.931
 DSNOW4         0.944         0.944         0.934         0.906         0.931
 DSNOW5         0.944         0.944         0.934         0.906         0.931
 DSNOW6         0.944         0.944         0.934         0.906         0.931
 DSNOW7         0.944         0.944         0.934         0.906         0.931
 RISK1          0.889         0.889         0.879         0.853         0.876
 RISK2          0.887         0.887         0.878         0.851         0.875
 RISK3          0.889         0.889         0.879         0.853         0.876
 TRUST1         0.934         0.934         0.926         0.900         0.923
 TRUST2         0.939         0.939         0.931         0.904         0.928
 TRUST3         0.931         0.931         0.923         0.897         0.920
 TRUSTFS1       0.887         0.887         0.879         0.853         0.876
 TRUSTFS2       0.890         0.890         0.882         0.856         0.879
 TRUSTFS3       0.889         0.889         0.881         0.854         0.878
 TRUSTFS4       0.890         0.890         0.882         0.856         0.879
 EXP1           0.940         0.940         0.931         0.903         0.928
 EXP2           0.942         0.942         0.933         0.904         0.929
 EXP3           0.942         0.942         0.933         0.904         0.929
 NEIGHB1        0.813         0.812         0.803         0.779         0.803
 NEIGHB2        0.813         0.812         0.803         0.779         0.803
 NEIGHB3        0.813         0.812         0.803         0.779         0.803
 NEIGHB4        0.813         0.812         0.803         0.779         0.803
 NEIGHB5        0.813         0.812         0.803         0.779         0.803
 NEIGHB6        0.813         0.812         0.803         0.779         0.803
 NEIGHB7        0.813         0.812         0.803         0.779         0.803


           Covariance Coverage
              ANTHRO2       ANTHRO3       ANTHRO4       ANTHRO5       RESPONS1
              ________      ________      ________      ________      ________
 ANTHRO2        0.931
 ANTHRO3        0.915         0.926
 ANTHRO4        0.925         0.920         0.936
 ANTHRO5        0.923         0.917         0.926         0.933
 RESPONS1       0.929         0.923         0.933         0.929         0.940
 RESPONS2       0.929         0.925         0.934         0.931         0.937
 RESPONS3       0.929         0.922         0.931         0.929         0.934
 RESPONS4       0.920         0.917         0.925         0.922         0.928
 RESPONS5       0.923         0.917         0.926         0.923         0.931
 FREEDOM1       0.928         0.923         0.933         0.929         0.936
 FREEDOM2       0.926         0.922         0.931         0.928         0.934
 FREEDOM3       0.931         0.926         0.936         0.933         0.939
 FREEDOM4       0.925         0.920         0.929         0.926         0.934
 EFFECT1        0.925         0.920         0.929         0.926         0.934
 EFFECT2        0.922         0.918         0.926         0.923         0.931
 EFFECT3        0.925         0.920         0.929         0.926         0.934
 EFFECT4        0.925         0.920         0.929         0.926         0.934
 EFFECT5        0.915         0.911         0.920         0.917         0.925
 EFFECT6        0.920         0.915         0.925         0.922         0.929
 EFFECT7        0.925         0.920         0.929         0.926         0.934
 DSNOW1         0.931         0.926         0.936         0.933         0.940
 DSNOW2         0.929         0.925         0.934         0.931         0.939
 DSNOW3         0.931         0.926         0.936         0.933         0.940
 DSNOW4         0.931         0.926         0.936         0.933         0.940
 DSNOW5         0.931         0.926         0.936         0.933         0.940
 DSNOW6         0.931         0.926         0.936         0.933         0.940
 DSNOW7         0.931         0.926         0.936         0.933         0.940
 RISK1          0.878         0.873         0.881         0.878         0.887
 RISK2          0.876         0.871         0.879         0.876         0.884
 RISK3          0.878         0.873         0.881         0.878         0.886
 TRUST1         0.923         0.918         0.928         0.925         0.933
 TRUST2         0.928         0.923         0.933         0.929         0.937
 TRUST3         0.923         0.917         0.926         0.925         0.929
 TRUSTFS1       0.878         0.873         0.881         0.878         0.886
 TRUSTFS2       0.881         0.876         0.884         0.881         0.889
 TRUSTFS3       0.879         0.875         0.882         0.879         0.887
 TRUSTFS4       0.881         0.876         0.884         0.881         0.889
 EXP1           0.928         0.923         0.933         0.929         0.937
 EXP2           0.929         0.925         0.934         0.931         0.939
 EXP3           0.929         0.925         0.934         0.931         0.939
 NEIGHB1        0.801         0.799         0.806         0.801         0.810
 NEIGHB2        0.801         0.799         0.806         0.801         0.810
 NEIGHB3        0.801         0.799         0.806         0.801         0.810
 NEIGHB4        0.801         0.799         0.806         0.801         0.810
 NEIGHB5        0.801         0.799         0.806         0.801         0.810
 NEIGHB6        0.801         0.799         0.806         0.801         0.810
 NEIGHB7        0.801         0.799         0.806         0.801         0.810


           Covariance Coverage
              RESPONS2      RESPONS3      RESPONS4      RESPONS5      FREEDOM1
              ________      ________      ________      ________      ________
 RESPONS2       0.942
 RESPONS3       0.936         0.937
 RESPONS4       0.931         0.926         0.933
 RESPONS5       0.933         0.928         0.926         0.934
 FREEDOM1       0.937         0.934         0.928         0.929         0.939
 FREEDOM2       0.936         0.933         0.928         0.928         0.934
 FREEDOM3       0.940         0.937         0.931         0.933         0.939
 FREEDOM4       0.934         0.931         0.926         0.928         0.933
 EFFECT1        0.936         0.931         0.926         0.928         0.933
 EFFECT2        0.933         0.928         0.923         0.925         0.929
 EFFECT3        0.936         0.931         0.926         0.928         0.933
 EFFECT4        0.936         0.931         0.926         0.928         0.933
 EFFECT5        0.926         0.922         0.917         0.918         0.923
 EFFECT6        0.931         0.926         0.922         0.923         0.928
 EFFECT7        0.936         0.931         0.926         0.928         0.933
 DSNOW1         0.942         0.937         0.933         0.934         0.939
 DSNOW2         0.940         0.936         0.931         0.933         0.937
 DSNOW3         0.942         0.937         0.933         0.934         0.939
 DSNOW4         0.942         0.937         0.933         0.934         0.939
 DSNOW5         0.942         0.937         0.933         0.934         0.939
 DSNOW6         0.942         0.937         0.933         0.934         0.939
 DSNOW7         0.942         0.937         0.933         0.934         0.939
 RISK1          0.887         0.882         0.878         0.879         0.884
 RISK2          0.886         0.881         0.876         0.878         0.882
 RISK3          0.887         0.882         0.878         0.879         0.884
 TRUST1         0.933         0.929         0.923         0.925         0.931
 TRUST2         0.937         0.934         0.928         0.929         0.936
 TRUST3         0.931         0.929         0.922         0.923         0.929
 TRUSTFS1       0.886         0.882         0.876         0.878         0.884
 TRUSTFS2       0.889         0.886         0.879         0.881         0.887
 TRUSTFS3       0.887         0.884         0.878         0.879         0.886
 TRUSTFS4       0.889         0.886         0.879         0.881         0.887
 EXP1           0.939         0.934         0.929         0.931         0.936
 EXP2           0.940         0.936         0.931         0.933         0.937
 EXP3           0.940         0.936         0.931         0.933         0.937
 NEIGHB1        0.810         0.806         0.807         0.806         0.807
 NEIGHB2        0.810         0.806         0.807         0.806         0.807
 NEIGHB3        0.810         0.806         0.807         0.806         0.807
 NEIGHB4        0.810         0.806         0.807         0.806         0.807
 NEIGHB5        0.810         0.806         0.807         0.806         0.807
 NEIGHB6        0.810         0.806         0.807         0.806         0.807
 NEIGHB7        0.810         0.806         0.807         0.806         0.807


           Covariance Coverage
              FREEDOM2      FREEDOM3      FREEDOM4      EFFECT1       EFFECT2
              ________      ________      ________      ________      ________
 FREEDOM2       0.937
 FREEDOM3       0.937         0.942
 FREEDOM4       0.931         0.936         0.936
 EFFECT1        0.931         0.936         0.929         0.991
 EFFECT2        0.928         0.933         0.926         0.986         0.987
 EFFECT3        0.931         0.936         0.929         0.987         0.984
 EFFECT4        0.931         0.936         0.929         0.989         0.986
 EFFECT5        0.922         0.926         0.920         0.978         0.976
 EFFECT6        0.926         0.931         0.925         0.984         0.983
 EFFECT7        0.931         0.936         0.929         0.989         0.986
 DSNOW1         0.937         0.942         0.936         0.991         0.987
 DSNOW2         0.936         0.940         0.934         0.989         0.986
 DSNOW3         0.937         0.942         0.936         0.991         0.987
 DSNOW4         0.937         0.942         0.936         0.991         0.987
 DSNOW5         0.937         0.942         0.936         0.991         0.987
 DSNOW6         0.937         0.942         0.936         0.991         0.987
 DSNOW7         0.937         0.942         0.936         0.991         0.987
 RISK1          0.882         0.887         0.882         0.925         0.922
 RISK2          0.881         0.886         0.879         0.923         0.920
 RISK3          0.882         0.887         0.881         0.925         0.922
 TRUST1         0.929         0.934         0.928         0.981         0.978
 TRUST2         0.934         0.939         0.933         0.986         0.983
 TRUST3         0.928         0.933         0.926         0.980         0.976
 TRUSTFS1       0.882         0.887         0.881         0.922         0.920
 TRUSTFS2       0.886         0.890         0.884         0.926         0.923
 TRUSTFS3       0.884         0.889         0.882         0.925         0.922
 TRUSTFS4       0.886         0.890         0.884         0.926         0.923
 EXP1           0.934         0.939         0.933         0.987         0.984
 EXP2           0.936         0.940         0.934         0.989         0.986
 EXP3           0.936         0.940         0.934         0.989         0.986
 NEIGHB1        0.806         0.810         0.806         0.854         0.853
 NEIGHB2        0.806         0.810         0.806         0.854         0.853
 NEIGHB3        0.806         0.810         0.806         0.854         0.853
 NEIGHB4        0.806         0.810         0.806         0.854         0.853
 NEIGHB5        0.806         0.810         0.806         0.854         0.853
 NEIGHB6        0.806         0.810         0.806         0.854         0.853
 NEIGHB7        0.806         0.810         0.806         0.854         0.853


           Covariance Coverage
              EFFECT3       EFFECT4       EFFECT5       EFFECT6       EFFECT7
              ________      ________      ________      ________      ________
 EFFECT3        0.989
 EFFECT4        0.989         0.991
 EFFECT5        0.978         0.978         0.980
 EFFECT6        0.983         0.984         0.975         0.986
 EFFECT7        0.987         0.989         0.978         0.984         0.991
 DSNOW1         0.989         0.991         0.980         0.986         0.991
 DSNOW2         0.987         0.989         0.978         0.984         0.989
 DSNOW3         0.989         0.991         0.980         0.986         0.991
 DSNOW4         0.989         0.991         0.980         0.986         0.991
 DSNOW5         0.989         0.991         0.980         0.986         0.991
 DSNOW6         0.989         0.991         0.980         0.986         0.991
 DSNOW7         0.989         0.991         0.980         0.986         0.991
 RISK1          0.923         0.925         0.914         0.920         0.925
 RISK2          0.922         0.923         0.912         0.918         0.923
 RISK3          0.923         0.925         0.914         0.920         0.925
 TRUST1         0.980         0.981         0.970         0.976         0.981
 TRUST2         0.984         0.986         0.975         0.981         0.986
 TRUST3         0.978         0.980         0.969         0.975         0.980
 TRUSTFS1       0.922         0.922         0.914         0.920         0.922
 TRUSTFS2       0.925         0.926         0.915         0.923         0.926
 TRUSTFS3       0.923         0.925         0.914         0.922         0.925
 TRUSTFS4       0.925         0.926         0.915         0.923         0.926
 EXP1           0.986         0.987         0.976         0.983         0.987
 EXP2           0.987         0.989         0.978         0.984         0.989
 EXP3           0.987         0.989         0.978         0.984         0.989
 NEIGHB1        0.853         0.854         0.848         0.850         0.854
 NEIGHB2        0.853         0.854         0.848         0.850         0.854
 NEIGHB3        0.853         0.854         0.848         0.850         0.854
 NEIGHB4        0.853         0.854         0.848         0.850         0.854
 NEIGHB5        0.853         0.854         0.848         0.850         0.854
 NEIGHB6        0.853         0.854         0.848         0.850         0.854
 NEIGHB7        0.853         0.854         0.848         0.850         0.854


           Covariance Coverage
              DSNOW1        DSNOW2        DSNOW3        DSNOW4        DSNOW5
              ________      ________      ________      ________      ________
 DSNOW1         1.000
 DSNOW2         0.998         0.998
 DSNOW3         1.000         0.998         1.000
 DSNOW4         1.000         0.998         1.000         1.000
 DSNOW5         1.000         0.998         1.000         1.000         1.000
 DSNOW6         1.000         0.998         1.000         1.000         1.000
 DSNOW7         1.000         0.998         1.000         1.000         1.000
 RISK1          0.929         0.928         0.929         0.929         0.929
 RISK2          0.928         0.926         0.928         0.928         0.928
 RISK3          0.929         0.928         0.929         0.929         0.929
 TRUST1         0.986         0.984         0.986         0.986         0.986
 TRUST2         0.991         0.989         0.991         0.991         0.991
 TRUST3         0.984         0.983         0.984         0.984         0.984
 TRUSTFS1       0.926         0.925         0.926         0.926         0.926
 TRUSTFS2       0.931         0.929         0.931         0.931         0.931
 TRUSTFS3       0.929         0.928         0.929         0.929         0.929
 TRUSTFS4       0.931         0.929         0.931         0.931         0.931
 EXP1           0.994         0.992         0.994         0.994         0.994
 EXP2           0.995         0.994         0.995         0.995         0.995
 EXP3           0.995         0.994         0.995         0.995         0.995
 NEIGHB1        0.864         0.864         0.864         0.864         0.864
 NEIGHB2        0.864         0.864         0.864         0.864         0.864
 NEIGHB3        0.864         0.864         0.864         0.864         0.864
 NEIGHB4        0.864         0.864         0.864         0.864         0.864
 NEIGHB5        0.864         0.864         0.864         0.864         0.864
 NEIGHB6        0.864         0.864         0.864         0.864         0.864
 NEIGHB7        0.864         0.864         0.864         0.864         0.864


           Covariance Coverage
              DSNOW6        DSNOW7        RISK1         RISK2         RISK3
              ________      ________      ________      ________      ________
 DSNOW6         1.000
 DSNOW7         1.000         1.000
 RISK1          0.929         0.929         0.929
 RISK2          0.928         0.928         0.925         0.928
 RISK3          0.929         0.929         0.926         0.925         0.929
 TRUST1         0.986         0.986         0.920         0.918         0.920
 TRUST2         0.991         0.991         0.925         0.923         0.925
 TRUST3         0.984         0.984         0.918         0.917         0.918
 TRUSTFS1       0.926         0.926         0.920         0.918         0.920
 TRUSTFS2       0.931         0.931         0.925         0.923         0.925
 TRUSTFS3       0.929         0.929         0.923         0.923         0.923
 TRUSTFS4       0.931         0.931         0.925         0.923         0.925
 EXP1           0.994         0.994         0.928         0.926         0.928
 EXP2           0.995         0.995         0.928         0.926         0.928
 EXP3           0.995         0.995         0.928         0.926         0.928
 NEIGHB1        0.864         0.864         0.804         0.799         0.801
 NEIGHB2        0.864         0.864         0.804         0.799         0.801
 NEIGHB3        0.864         0.864         0.804         0.799         0.801
 NEIGHB4        0.864         0.864         0.804         0.799         0.801
 NEIGHB5        0.864         0.864         0.804         0.799         0.801
 NEIGHB6        0.864         0.864         0.804         0.799         0.801
 NEIGHB7        0.864         0.864         0.804         0.799         0.801


           Covariance Coverage
              TRUST1        TRUST2        TRUST3        TRUSTFS1      TRUSTFS2
              ________      ________      ________      ________      ________
 TRUST1         0.986
 TRUST2         0.986         0.991
 TRUST3         0.980         0.983         0.984
 TRUSTFS1       0.918         0.923         0.917         0.926
 TRUSTFS2       0.923         0.928         0.922         0.926         0.931
 TRUSTFS3       0.922         0.926         0.920         0.923         0.928
 TRUSTFS4       0.923         0.928         0.922         0.925         0.929
 EXP1           0.983         0.987         0.981         0.925         0.929
 EXP2           0.984         0.989         0.983         0.925         0.929
 EXP3           0.984         0.989         0.983         0.925         0.929
 NEIGHB1        0.853         0.856         0.851         0.796         0.801
 NEIGHB2        0.853         0.856         0.851         0.796         0.801
 NEIGHB3        0.853         0.856         0.851         0.796         0.801
 NEIGHB4        0.853         0.856         0.851         0.796         0.801
 NEIGHB5        0.853         0.856         0.851         0.796         0.801
 NEIGHB6        0.853         0.856         0.851         0.796         0.801
 NEIGHB7        0.853         0.856         0.851         0.796         0.801


           Covariance Coverage
              TRUSTFS3      TRUSTFS4      EXP1          EXP2          EXP3
              ________      ________      ________      ________      ________
 TRUSTFS3       0.929
 TRUSTFS4       0.929         0.931
 EXP1           0.928         0.929         0.994
 EXP2           0.928         0.929         0.994         0.995
 EXP3           0.928         0.929         0.994         0.995         0.995
 NEIGHB1        0.799         0.801         0.857         0.859         0.859
 NEIGHB2        0.799         0.801         0.857         0.859         0.859
 NEIGHB3        0.799         0.801         0.857         0.859         0.859
 NEIGHB4        0.799         0.801         0.857         0.859         0.859
 NEIGHB5        0.799         0.801         0.857         0.859         0.859
 NEIGHB6        0.799         0.801         0.857         0.859         0.859
 NEIGHB7        0.799         0.801         0.857         0.859         0.859


           Covariance Coverage
              NEIGHB1       NEIGHB2       NEIGHB3       NEIGHB4       NEIGHB5
              ________      ________      ________      ________      ________
 NEIGHB1        0.864
 NEIGHB2        0.864         0.864
 NEIGHB3        0.864         0.864         0.864
 NEIGHB4        0.864         0.864         0.864         0.864
 NEIGHB5        0.864         0.864         0.864         0.864         0.864
 NEIGHB6        0.864         0.864         0.864         0.864         0.864
 NEIGHB7        0.864         0.864         0.864         0.864         0.864


           Covariance Coverage
              NEIGHB6       NEIGHB7
              ________      ________
 NEIGHB6        0.864
 NEIGHB7        0.864         0.864


UNIVARIATE PROPORTIONS AND COUNTS FOR CATEGORICAL VARIABLES

    DSNOW1
      Category 1    0.064       41.000
      Category 2    0.936      597.000
    DSNOW2
      Category 1    0.217      138.000
      Category 2    0.783      499.000
    DSNOW3
      Category 1    0.174      111.000
      Category 2    0.826      527.000
    DSNOW4
      Category 1    0.304      194.000
      Category 2    0.696      444.000
    DSNOW5
      Category 1    0.453      289.000
      Category 2    0.547      349.000
    DSNOW6
      Category 1    0.520      332.000
      Category 2    0.480      306.000
    DSNOW7
      Category 1    0.361      230.000
      Category 2    0.639      408.000
    EXP1
      Category 1    0.976      619.000
      Category 2    0.024       15.000
    EXP2
      Category 1    0.690      438.000
      Category 2    0.310      197.000
    EXP3
      Category 1    0.214      136.000
      Category 2    0.786      499.000



THE MODEL ESTIMATION TERMINATED NORMALLY



MODEL FIT INFORMATION

Number of Free Parameters                      172

Chi-Square Test of Model Fit

          Value                           2191.003*
          Degrees of Freedom                  1248
          P-Value                           0.0000

*   The chi-square value for MLM, MLMV, MLR, ULSMV, WLSM and WLSMV cannot be used
    for chi-square difference testing in the regular way.  MLM, MLR and WLSM
    chi-square difference testing is described on the Mplus website.  MLMV, WLSMV,
    and ULSMV difference testing is done using the DIFFTEST option.

RMSEA (Root Mean Square Error Of Approximation)

          Estimate                           0.034
          90 Percent C.I.                    0.032  0.037
          Probability RMSEA <= .05           1.000

CFI/TLI

          CFI                                0.807
          TLI                                0.795

Chi-Square Test of Model Fit for the Baseline Model

          Value                           6210.682
          Degrees of Freedom                  1326
          P-Value                           0.0000

WRMR (Weighted Root Mean Square Residual)

          Value                              1.410



MODEL RESULTS

                                                    Two-Tailed
                    Estimate       S.E.  Est./S.E.    P-Value

 BIOCEN   BY
    BIOCEN1            1.000      0.000    999.000    999.000
    BIOCEN2            1.110      0.041     27.094      0.000
    BIOCEN3            0.705      0.044     15.967      0.000
    BIOCEN4            1.033      0.071     14.587      0.000

 ANTHRO   BY
    ANTHRO1            1.000      0.000    999.000    999.000
    ANTHRO2            1.074      0.079     13.630      0.000
    ANTHRO3            0.885      0.070     12.718      0.000
    ANTHRO4            0.941      0.074     12.705      0.000
    ANTHRO5            0.761      0.053     14.364      0.000

 RESPONS  BY
    RESPONS1           1.000      0.000    999.000    999.000
    RESPONS2           0.793      0.141      5.630      0.000
    RESPONS3          -0.116      0.135     -0.860      0.390
    RESPONS4          -0.987      0.197     -5.010      0.000
    RESPONS5          -1.301      0.244     -5.332      0.000

 FREEDOM  BY
    FREEDOM1           1.000      0.000    999.000    999.000
    FREEDOM2          -0.643      0.071     -9.010      0.000
    FREEDOM3           0.896      0.088     10.123      0.000
    FREEDOM4           0.601      0.099      6.041      0.000

 EFFECT   BY
    EFFECT1            1.000      0.000    999.000    999.000
    EFFECT2            0.996      0.056     17.880      0.000
    EFFECT3            0.660      0.055     12.079      0.000
    EFFECT4            1.066      0.075     14.161      0.000
    EFFECT5            1.361      0.096     14.153      0.000
    EFFECT6            1.381      0.111     12.417      0.000
    EFFECT7            1.193      0.094     12.670      0.000

 CURRENT  BY
    DSNOW1             1.000      0.000    999.000    999.000
    DSNOW2             1.154      0.280      4.127      0.000
    DSNOW3             0.841      0.254      3.314      0.001
    DSNOW4             1.306      0.295      4.428      0.000
    DSNOW5             1.755      0.391      4.494      0.000
    DSNOW6             1.848      0.403      4.589      0.000
    DSNOW7             2.025      0.438      4.618      0.000

 RISK     BY
    RISK1              1.000      0.000    999.000    999.000
    RISK2              1.014      0.121      8.410      0.000
    RISK3              0.906      0.121      7.464      0.000

 TRUST    BY
    TRUST1             1.000      0.000    999.000    999.000
    TRUST2             0.771      0.059     13.137      0.000
    TRUST3             1.261      0.104     12.161      0.000
    TRUSTFS1           1.683      0.167     10.083      0.000
    TRUSTFS2           1.719      0.175      9.845      0.000
    TRUSTFS3           1.634      0.163     10.019      0.000
    TRUSTFS4           1.993      0.204      9.784      0.000

 EXPERIEN BY
    EXP1               1.000      0.000    999.000    999.000
    EXP2               1.021      0.382      2.676      0.007
    EXP3               0.749      0.307      2.442      0.015

 NORM     BY
    NEIGHB1            1.000      0.000    999.000    999.000
    NEIGHB2            2.624      0.541      4.851      0.000
    NEIGHB3            2.207      0.478      4.620      0.000
    NEIGHB4            2.610      0.568      4.592      0.000
    NEIGHB5            5.254      1.074      4.893      0.000
    NEIGHB6            4.168      0.929      4.488      0.000
    NEIGHB7            6.204      1.229      5.048      0.000

 EFFECT   ON
    RESPONS            1.409      0.424      3.323      0.001
    FREEDOM            0.758      0.220      3.450      0.001

 RISK     ON
    RESPONS            1.173      0.382      3.067      0.002
    FREEDOM            0.240      0.179      1.342      0.180

 TRUST    ON
    RESPONS            0.768      0.258      2.973      0.003
    FREEDOM            0.528      0.145      3.641      0.000

 CURRENT  ON
    EFFECT             0.337      0.078      4.345      0.000
    RISK              -0.029      0.030     -0.969      0.332
    TRUST             -0.088      0.051     -1.729      0.084
    EXPERIEN          -0.074      0.060     -1.239      0.215
    NORM               1.555      1.001      1.553      0.120

 ANTHRO   WITH
    BIOCEN            -0.361      0.039     -9.194      0.000

 RESPONS  WITH
    BIOCEN             0.033      0.017      2.021      0.043
    ANTHRO            -0.087      0.019     -4.496      0.000

 FREEDOM  WITH
    BIOCEN             0.035      0.024      1.455      0.146
    ANTHRO             0.125      0.026      4.769      0.000
    RESPONS           -0.156      0.029     -5.349      0.000

 EXPERIEN WITH
    BIOCEN            -0.012      0.035     -0.327      0.744
    ANTHRO            -0.050      0.037     -1.351      0.177
    RESPONS            0.089      0.038      2.338      0.019
    FREEDOM           -0.176      0.065     -2.697      0.007

 NORM     WITH
    BIOCEN             0.001      0.001      0.578      0.563
    ANTHRO             0.000      0.001      0.341      0.733
    RESPONS            0.000      0.001     -0.395      0.693
    FREEDOM            0.001      0.001      1.118      0.264
    EXPERIEN           0.001      0.002      0.628      0.530

 Intercepts
    BIOCEN1            4.051      0.052     78.142      0.000
    BIOCEN2            3.963      0.053     75.376      0.000
    BIOCEN3            4.347      0.035    123.203      0.000
    BIOCEN4            3.675      0.057     65.027      0.000
    ANTHRO1            1.938      0.054     35.619      0.000
    ANTHRO2            2.261      0.049     45.798      0.000
    ANTHRO3            2.421      0.046     52.518      0.000
    ANTHRO4            2.392      0.045     53.671      0.000
    ANTHRO5            1.815      0.038     47.907      0.000
    RESPONS1           3.687      0.053     70.195      0.000
    RESPONS2           4.063      0.047     85.651      0.000
    RESPONS3           2.336      0.039     60.371      0.000
    RESPONS4           2.766      0.040     69.375      0.000
    RESPONS5           2.831      0.043     66.352      0.000
    FREEDOM1           2.082      0.043     48.416      0.000
    FREEDOM2           3.890      0.042     92.251      0.000
    FREEDOM3           2.108      0.045     47.243      0.000
    FREEDOM4           3.221      0.048     67.556      0.000
    EFFECT1            4.093      0.044     93.656      0.000
    EFFECT2            4.070      0.041     98.856      0.000
    EFFECT3            4.437      0.031    142.079      0.000
    EFFECT4            4.054      0.038    106.713      0.000
    EFFECT5            3.678      0.038     96.188      0.000
    EFFECT6            3.606      0.044     82.216      0.000
    EFFECT7            3.854      0.044     88.375      0.000
    RISK1              3.990      0.045     88.109      0.000
    RISK2              3.108      0.046     67.789      0.000
    RISK3              3.533      0.047     75.807      0.000
    TRUST1             3.353      0.046     72.466      0.000
    TRUST2             3.622      0.040     90.155      0.000
    TRUST3             3.392      0.049     68.844      0.000
    TRUSTFS1           3.782      0.042     89.518      0.000
    TRUSTFS2           3.687      0.042     86.899      0.000
    TRUSTFS3           3.841      0.042     91.357      0.000
    TRUSTFS4           3.586      0.048     74.831      0.000
    NEIGHB1            0.943      0.006    151.149      0.000
    NEIGHB2            0.782      0.009     91.501      0.000
    NEIGHB3            0.837      0.015     54.584      0.000
    NEIGHB4            0.705      0.012     59.011      0.000
    NEIGHB5            0.532      0.010     51.614      0.000
    NEIGHB6            0.468      0.011     42.471      0.000
    NEIGHB7            0.636      0.010     66.042      0.000

 Thresholds
    DSNOW1$1          -1.520      0.077    -19.676      0.000
    DSNOW2$1          -0.784      0.056    -14.089      0.000
    DSNOW3$1          -0.939      0.058    -16.060      0.000
    DSNOW4$1          -0.513      0.052     -9.848      0.000
    DSNOW5$1          -0.118      0.050     -2.375      0.018
    DSNOW6$1           0.051      0.050      1.029      0.303
    DSNOW7$1          -0.357      0.051     -7.032      0.000
    EXP1$1             1.983      0.108     18.336      0.000
    EXP2$1             0.495      0.052      9.520      0.000
    EXP3$1            -0.792      0.056    -14.183      0.000

 Variances
    BIOCEN             0.571      0.060      9.469      0.000
    ANTHRO             0.582      0.072      8.134      0.000
    RESPONS            0.107      0.033      3.221      0.001
    FREEDOM            0.360      0.055      6.509      0.000
    EXPERIEN           0.365      0.206      1.776      0.076
    NORM               0.001      0.000      2.601      0.009

 Residual Variances
    BIOCEN1            0.358      0.023     15.407      0.000
    BIOCEN2            0.329      0.024     13.956      0.000
    BIOCEN3            0.218      0.013     17.256      0.000
    BIOCEN4            0.703      0.050     14.133      0.000
    ANTHRO1            0.426      0.024     17.573      0.000
    ANTHRO2            0.451      0.029     15.562      0.000
    ANTHRO3            0.603      0.036     16.565      0.000
    ANTHRO4            0.507      0.031     16.495      0.000
    ANTHRO5            0.271      0.013     21.631      0.000
    RESPONS1           0.915      0.061     15.001      0.000
    RESPONS2           0.734      0.040     18.165      0.000
    RESPONS3           0.794      0.046     17.439      0.000
    RESPONS4           0.811      0.051     15.868      0.000
    RESPONS5           0.849      0.060     14.248      0.000
    FREEDOM1           0.467      0.045     10.325      0.000
    FREEDOM2           0.619      0.039     16.063      0.000
    FREEDOM3           0.543      0.050     10.792      0.000
    FREEDOM4           1.101      0.083     13.256      0.000
    EFFECT1            0.454      0.025     17.825      0.000
    EFFECT2            0.416      0.023     17.844      0.000
    EFFECT3            0.300      0.015     20.386      0.000
    EFFECT4            0.342      0.020     17.380      0.000
    EFFECT5            0.313      0.024     13.079      0.000
    EFFECT6            0.513      0.036     14.323      0.000
    EFFECT7            0.474      0.030     16.032      0.000
    RISK1              0.326      0.062      5.230      0.000
    RISK2              0.639      0.068      9.450      0.000
    RISK3              0.675      0.066     10.229      0.000
    TRUST1             0.761      0.048     15.728      0.000
    TRUST2             0.599      0.033     18.402      0.000
    TRUST3             0.781      0.050     15.682      0.000
    TRUSTFS1           0.293      0.022     13.501      0.000
    TRUSTFS2           0.322      0.025     13.115      0.000
    TRUSTFS3           0.310      0.021     14.808      0.000
    TRUSTFS4           0.374      0.031     11.926      0.000
    NEIGHB1            0.009      0.000     26.275      0.000
    NEIGHB2            0.029      0.001     22.657      0.000
    NEIGHB3            0.043      0.002     17.966      0.000
    NEIGHB4            0.052      0.003     17.263      0.000
    NEIGHB5            0.036      0.002     16.329      0.000
    NEIGHB6            0.049      0.003     17.469      0.000
    NEIGHB7            0.021      0.002     10.934      0.000
    EFFECT             0.184      0.033      5.508      0.000
    CURRENT            0.128      0.054      2.365      0.018
    RISK               0.477      0.080      5.947      0.000
    TRUST              0.165      0.032      5.119      0.000


R-SQUARE

    Observed                   Residual
    Variable        Estimate   Variance

    BIOCEN1            0.615
    BIOCEN2            0.681
    BIOCEN3            0.565
    BIOCEN4            0.464
    ANTHRO1            0.577
    ANTHRO2            0.598
    ANTHRO3            0.431
    ANTHRO4            0.504
    ANTHRO5            0.554
    RESPONS1           0.104
    RESPONS2           0.084
    RESPONS3           0.002
    RESPONS4           0.114
    RESPONS5           0.175
    FREEDOM1           0.435
    FREEDOM2           0.194
    FREEDOM3           0.347
    FREEDOM4           0.105
    EFFECT1            0.373
    EFFECT2            0.392
    EFFECT3            0.282
    EFFECT4            0.473
    EFFECT5            0.615
    EFFECT6            0.501
    EFFECT7            0.448
    DSNOW1             0.161      0.839
    DSNOW2             0.215      0.785
    DSNOW3             0.114      0.886
    DSNOW4             0.275      0.725
    DSNOW5             0.497      0.503
    DSNOW6             0.551      0.449
    DSNOW7             0.661      0.339
    RISK1              0.631
    RISK2              0.472
    RISK3              0.404
    TRUST1             0.210
    TRUST2             0.167
    TRUST3             0.291
    TRUSTFS1           0.662
    TRUSTFS2           0.649
    TRUSTFS3           0.635
    TRUSTFS4           0.682
    EXP1               0.365      0.635
    EXP2               0.381      0.619
    EXP3               0.205      0.795
    NEIGHB1            0.078
    NEIGHB2            0.147
    NEIGHB3            0.076
    NEIGHB4            0.087
    NEIGHB5            0.358
    NEIGHB6            0.202
    NEIGHB7            0.574

     Latent
    Variable        Estimate

    EFFECT             0.317
    CURRENT            0.205
    RISK               0.143
    TRUST              0.183


QUALITY OF NUMERICAL RESULTS

     Condition Number for the Information Matrix              0.925E-09
       (ratio of smallest to largest eigenvalue)


MODEL MODIFICATION INDICES

NOTE:  Modification indices for direct effects of observed dependent variables
regressed on covariates and residual covariances among observed dependent
variables may not be included.  To include these, request MODINDICES (ALL).

Minimum M.I. value for printing the modification index    10.000

                            M.I.     E.P.C.  Std E.P.C.  StdYX E.P.C.

BY Statements

BIOCEN   BY ANTHRO1        10.610    -0.322     -0.243       -0.242
BIOCEN   BY RESPONS1       50.094     0.307      0.232        0.230
BIOCEN   BY RESPONS2       12.873     0.138      0.104        0.116
BIOCEN   BY FREEDOM4       23.206     0.210      0.158        0.143
ANTHRO   BY BIOCEN3        34.232    -0.404     -0.308       -0.435
ANTHRO   BY BIOCEN4        10.106     0.359      0.274        0.239
ANTHRO   BY RESPONS1       29.638    -0.262     -0.200       -0.198
ANTHRO   BY FREEDOM2       18.485     0.152      0.116        0.132
ANTHRO   BY FREEDOM4       17.862    -0.189     -0.144       -0.130
ANTHRO   BY TRUST1         10.342     0.118      0.090        0.092
ANTHRO   BY TRUST2         18.111     0.136      0.104        0.123
RESPONS  BY BIOCEN3        35.032     0.632      0.207        0.292
RESPONS  BY BIOCEN4        11.136    -0.597     -0.195       -0.170
RESPONS  BY FREEDOM3       12.055    -0.731     -0.239       -0.262
RESPONS  BY FREEDOM4       39.197     1.427      0.466        0.420
FREEDOM  BY BIOCEN3        26.621    -0.259     -0.156       -0.220
FREEDOM  BY BIOCEN4        13.803     0.313      0.188        0.164
FREEDOM  BY RESPONS1       23.748     0.547      0.328        0.324
FREEDOM  BY RESPONS2       13.013     0.353      0.212        0.236
FREEDOM  BY RESPONS3       25.266     0.446      0.268        0.300
FREEDOM  BY RESPONS4       12.863     0.386      0.231        0.242
FREEDOM  BY RESPONS5       10.313     0.404      0.242        0.239
FREEDOM  BY TRUST1         10.560     0.233      0.140        0.142
FREEDOM  BY TRUST2         12.765     0.214      0.128        0.151
FREEDOM  BY EXP2           11.224     1.224      0.734        0.734
EFFECT   BY RESPONS2       12.883     0.190      0.099        0.110
EFFECT   BY RESPONS3       21.334     0.240      0.125        0.140
EFFECT   BY RESPONS4       16.198     0.242      0.126        0.131
EFFECT   BY RESPONS5       14.150     0.260      0.135        0.133
EFFECT   BY FREEDOM3       25.172    -0.306     -0.159       -0.174
EFFECT   BY FREEDOM4       37.000     0.419      0.218        0.196
CURRENT  BY ANTHRO4        10.573     0.346      0.139        0.137
CURRENT  BY RESPONS4       17.072     0.421      0.169        0.177
CURRENT  BY FREEDOM4       14.810     0.459      0.184        0.166
CURRENT  BY EFFECT3        10.318    -0.298     -0.120       -0.185
CURRENT  BY EFFECT7        14.611     0.511      0.205        0.221
RISK     BY RESPONS4       21.748     0.330      0.246        0.257
RISK     BY RESPONS5       15.391     0.318      0.237        0.234
RISK     BY TRUST1         11.927    -0.200     -0.149       -0.152
RISK     BY EXP2           11.229     0.307      0.229        0.229
TRUST    BY EXP3           12.289    -0.375     -0.168       -0.168
EXPERIEN BY BIOCEN3        19.667     0.354      0.214        0.302
EXPERIEN BY RESPONS2       14.042    -0.540     -0.326       -0.365

ON/BY Statements

ANTHRO   ON EFFECT   /
EFFECT   BY ANTHRO         19.868     0.314      0.214        0.214
ANTHRO   ON CURRENT  /
CURRENT  BY ANTHRO         23.640     0.307      0.161        0.161
ANTHRO   ON RISK     /
RISK     BY ANTHRO         11.912    -0.137     -0.134       -0.134
RESPONS  ON EFFECT   /
EFFECT   BY RESPONS        30.637     0.367      0.583        0.583
RESPONS  ON RISK     /
RISK     BY RESPONS        14.055    -0.109     -0.250       -0.250
EFFECT   ON BIOCEN   /
BIOCEN   BY EFFECT         31.111    -0.168     -0.245       -0.245
EFFECT   ON ANTHRO   /
ANTHRO   BY EFFECT         33.748     0.152      0.223        0.223
EFFECT   ON RISK     /
RISK     BY EFFECT         15.447     0.133      0.192        0.192
EFFECT   ON TRUST    /
TRUST    BY EFFECT         68.624     0.632      0.546        0.546
CURRENT  ON BIOCEN   /
BIOCEN   BY CURRENT        13.137    -0.057     -0.107       -0.107
CURRENT  ON ANTHRO   /
ANTHRO   BY CURRENT        20.777     0.068      0.130        0.130
CURRENT  ON RESPONS  /
RESPONS  BY CURRENT        16.275    -0.388     -0.315       -0.315
RISK     ON BIOCEN   /
BIOCEN   BY RISK           10.829     0.113      0.114        0.114
RISK     ON ANTHRO   /
ANTHRO   BY RISK           14.750    -0.129     -0.131       -0.131
RISK     ON EFFECT   /
EFFECT   BY RISK           15.447     0.345      0.240        0.240
RISK     ON CURRENT  /
CURRENT  BY RISK           27.521     0.938      0.505        0.505
RISK     ON TRUST    /
TRUST    BY RISK           20.760    -0.296     -0.178       -0.178
TRUST    ON EFFECT   /
EFFECT   BY TRUST          68.624     0.565      0.654        0.654
TRUST    ON CURRENT  /
CURRENT  BY TRUST          66.174     1.217      1.088        1.088
TRUST    ON RISK     /
RISK     BY TRUST          20.759    -0.102     -0.170       -0.170
EXPERIEN ON RISK     /
RISK     BY EXPERIEN       11.106     0.255      0.315        0.315

WITH Statements

RESPONS1 WITH BIOCEN3      20.527     0.174      0.174        0.390
RESPONS2 WITH RESPONS1     18.633     0.222      0.222        0.271
RESPONS3 WITH RESPONS1     13.495     0.199      0.199        0.234
RESPONS3 WITH RESPONS2     20.800     0.213      0.213        0.278
RESPONS5 WITH RESPONS3     10.232    -0.154     -0.154       -0.187
RESPONS5 WITH RESPONS4     36.948     0.456      0.456        0.549
FREEDOM1 WITH RESPONS1     13.824     0.190      0.190        0.291
FREEDOM1 WITH RESPONS3     14.641     0.167      0.167        0.274
FREEDOM2 WITH FREEDOM1     32.218    -0.330     -0.330       -0.615
FREEDOM3 WITH FREEDOM1     17.486     0.282      0.282        0.560
FREEDOM3 WITH FREEDOM2     23.828    -0.272     -0.272       -0.469
FREEDOM4 WITH RESPONS1     11.449     0.213      0.213        0.212
FREEDOM4 WITH RESPONS2     30.313     0.320      0.320        0.356
FREEDOM4 WITH RESPONS3     12.369     0.195      0.195        0.209
EFFECT2  WITH EFFECT1      16.040     0.197      0.197        0.454
DSNOW6   WITH EFFECT6      17.377     0.291      0.291        0.606
DSNOW7   WITH EFFECT7      11.850     0.219      0.219        0.546
TRUST2   WITH TRUST1       41.540     0.409      0.409        0.606
TRUST3   WITH TRUST1       19.496     0.350      0.350        0.454
TRUST3   WITH TRUST2       22.258     0.303      0.303        0.443
NEIGHB4  WITH NEIGHB3      10.590     0.008      0.008        0.177
EFFECT   WITH ANTHRO       19.868     0.058      0.177        0.177
EFFECT   WITH RESPONS      30.637     0.068      0.482        0.482
CURRENT  WITH ANTHRO       17.944     0.041      0.150        0.150
CURRENT  WITH EFFECT       11.253     0.114      0.744        0.744
RISK     WITH ANTHRO       11.912    -0.066     -0.124       -0.124
RISK     WITH RESPONS      14.055    -0.052     -0.231       -0.231
RISK     WITH EFFECT       15.447     0.064      0.215        0.215
RISK     WITH CURRENT      19.343     0.254      1.029        1.029
TRUST    WITH EFFECT       68.624     0.104      0.598        0.598
TRUST    WITH RISK         20.759    -0.049     -0.174       -0.174
EXPERIEN WITH RISK         11.106     0.122      0.291        0.291


     Beginning Time:  15:10:54
        Ending Time:  15:12:25
       Elapsed Time:  00:01:31



MUTHEN & MUTHEN
3463 Stoner Ave.
Los Angeles, CA  90066

Tel: (310) 391-9971
Fax: (310) 391-8971
Web: www.StatModel.com
Support: Support@StatModel.com

Copyright (c) 1998-2011 Muthen & Muthen
