Mplus VERSION 6.12 (Mac)
MUTHEN & MUTHEN
10/14/2015   1:01 PM

INPUT INSTRUCTIONS

  TITLE:        Confirmatory Factor Analysis;
  DATA:        FILE = mplusdata.csv;
  VARIABLE:        NAMES ARE id c1a-c1r f1a-f1g dsnow1-dsnow7 dsfut1-dsfut7 f5a-f5c;
          MISSING ARE ALL (99);
          USEVARIABLES ARE c1a-c1r f1a-f1g dsfut1-dsfut7 f5a-f5c;
  MODEL:        biocen BY c1a-c1d;
          anthro BY c1e-c1i;
          respon BY c1j-c1n;
          freedom BY c1o-c1r;
          effect BY f1a-f1g;
          future BY dsfut1-dsfut7;
          risk BY f5a-f5c;



INPUT READING TERMINATED NORMALLY



Confirmatory Factor Analysis;

SUMMARY OF ANALYSIS

Number of groups                                                 1
Number of observations                                         659

Number of dependent variables                                   35
Number of independent variables                                  0
Number of continuous latent variables                            7

Observed dependent variables

  Continuous
   C1A         C1B         C1C         C1D         C1E         C1F
   C1G         C1H         C1I         C1J         C1K         C1L
   C1M         C1N         C1O         C1P         C1Q         C1R
   F1A         F1B         F1C         F1D         F1E         F1F
   F1G         DSFUT1      DSFUT2      DSFUT3      DSFUT4      DSFUT5
   DSFUT6      DSFUT7      F5A         F5B         F5C

Continuous latent variables
   BIOCEN      ANTHRO      RESPON      FREEDOM     EFFECT      FUTURE
   RISK


Estimator                                                       ML
Information matrix                                        OBSERVED
Maximum number of iterations                                  1000
Convergence criterion                                    0.500D-04
Maximum number of steepest descent iterations                   20
Maximum number of iterations for H1                           2000
Convergence criterion for H1                             0.100D-03

Input data file(s)
  mplusdata.csv

Input data format  FREE


SUMMARY OF DATA

     Number of missing data patterns            87


COVARIANCE COVERAGE OF DATA

Minimum covariance coverage value   0.100


     PROPORTION OF DATA PRESENT


           Covariance Coverage
              C1A           C1B           C1C           C1D           C1E
              ________      ________      ________      ________      ________
 C1A            0.944
 C1B            0.942         0.944
 C1C            0.932         0.932         0.935
 C1D            0.901         0.901         0.895         0.904
 C1E            0.929         0.929         0.923         0.892         0.932
 C1F            0.927         0.927         0.921         0.892         0.920
 C1G            0.924         0.924         0.917         0.888         0.918
 C1H            0.933         0.933         0.926         0.898         0.926
 C1I            0.930         0.930         0.923         0.894         0.921
 C1J            0.938         0.938         0.932         0.901         0.929
 C1K            0.939         0.939         0.930         0.900         0.929
 C1L            0.935         0.935         0.927         0.898         0.927
 C1M            0.930         0.930         0.921         0.892         0.921
 C1N            0.932         0.932         0.924         0.894         0.921
 C1O            0.936         0.936         0.929         0.898         0.927
 C1P            0.935         0.935         0.927         0.897         0.927
 C1Q            0.939         0.939         0.932         0.901         0.930
 C1R            0.933         0.933         0.926         0.895         0.924
 F1A            0.938         0.938         0.930         0.900         0.927
 F1B            0.935         0.935         0.926         0.897         0.923
 F1C            0.938         0.938         0.929         0.900         0.926
 F1D            0.938         0.938         0.929         0.900         0.926
 F1E            0.929         0.929         0.920         0.891         0.918
 F1F            0.933         0.933         0.924         0.895         0.921
 F1G            0.938         0.938         0.929         0.900         0.926
 DSFUT1         0.810         0.810         0.804         0.778         0.806
 DSFUT2         0.944         0.944         0.935         0.904         0.932
 DSFUT3         0.775         0.775         0.771         0.747         0.771
 DSFUT4         0.944         0.944         0.935         0.904         0.932
 DSFUT5         0.816         0.816         0.810         0.788         0.810
 DSFUT6         0.944         0.944         0.935         0.904         0.932
 DSFUT7         0.807         0.807         0.803         0.777         0.803
 F5A            0.889         0.889         0.880         0.851         0.877
 F5B            0.888         0.888         0.879         0.850         0.876
 F5C            0.889         0.889         0.880         0.851         0.877


           Covariance Coverage
              C1F           C1G           C1H           C1I           C1J
              ________      ________      ________      ________      ________
 C1F            0.930
 C1G            0.915         0.927
 C1H            0.924         0.921         0.936
 C1I            0.923         0.918         0.927         0.933
 C1J            0.929         0.924         0.933         0.930         0.941
 C1K            0.929         0.926         0.935         0.932         0.938
 C1L            0.929         0.923         0.932         0.930         0.935
 C1M            0.920         0.918         0.926         0.923         0.929
 C1N            0.923         0.918         0.927         0.924         0.932
 C1O            0.927         0.924         0.933         0.930         0.936
 C1P            0.926         0.923         0.932         0.929         0.935
 C1Q            0.930         0.927         0.936         0.933         0.939
 C1R            0.924         0.921         0.930         0.927         0.935
 F1A            0.924         0.921         0.930         0.927         0.935
 F1B            0.921         0.920         0.927         0.924         0.932
 F1C            0.924         0.921         0.930         0.927         0.935
 F1D            0.924         0.921         0.930         0.927         0.935
 F1E            0.915         0.912         0.921         0.918         0.926
 F1F            0.920         0.917         0.926         0.923         0.930
 F1G            0.924         0.921         0.930         0.927         0.935
 DSFUT1         0.804         0.798         0.806         0.803         0.812
 DSFUT2         0.930         0.927         0.936         0.933         0.941
 DSFUT3         0.771         0.762         0.771         0.766         0.777
 DSFUT4         0.930         0.927         0.936         0.933         0.941
 DSFUT5         0.810         0.804         0.813         0.807         0.818
 DSFUT6         0.930         0.927         0.936         0.933         0.941
 DSFUT7         0.801         0.794         0.803         0.798         0.809
 F5A            0.877         0.874         0.882         0.879         0.888
 F5B            0.876         0.873         0.880         0.877         0.885
 F5C            0.877         0.874         0.882         0.879         0.886


           Covariance Coverage
              C1K           C1L           C1M           C1N           C1O
              ________      ________      ________      ________      ________
 C1K            0.942
 C1L            0.936         0.938
 C1M            0.932         0.927         0.933
 C1N            0.933         0.929         0.927         0.935
 C1O            0.938         0.935         0.929         0.930         0.939
 C1P            0.936         0.933         0.929         0.929         0.935
 C1Q            0.941         0.938         0.932         0.933         0.939
 C1R            0.935         0.932         0.927         0.929         0.933
 F1A            0.936         0.932         0.927         0.929         0.933
 F1B            0.933         0.929         0.924         0.926         0.930
 F1C            0.936         0.932         0.927         0.929         0.933
 F1D            0.936         0.932         0.927         0.929         0.933
 F1E            0.927         0.923         0.918         0.920         0.924
 F1F            0.932         0.927         0.923         0.924         0.929
 F1G            0.936         0.932         0.927         0.929         0.933
 DSFUT1         0.810         0.810         0.804         0.804         0.809
 DSFUT2         0.942         0.938         0.933         0.935         0.939
 DSFUT3         0.775         0.774         0.768         0.769         0.774
 DSFUT4         0.942         0.938         0.933         0.935         0.939
 DSFUT5         0.816         0.815         0.807         0.810         0.815
 DSFUT6         0.942         0.938         0.933         0.935         0.939
 DSFUT7         0.807         0.806         0.798         0.801         0.806
 F5A            0.888         0.883         0.879         0.880         0.885
 F5B            0.886         0.882         0.877         0.879         0.883
 F5C            0.888         0.883         0.879         0.880         0.885


           Covariance Coverage
              C1P           C1Q           C1R           F1A           F1B
              ________      ________      ________      ________      ________
 C1P            0.938
 C1Q            0.938         0.942
 C1R            0.932         0.936         0.936
 F1A            0.932         0.936         0.930         0.991
 F1B            0.929         0.933         0.927         0.986         0.988
 F1C            0.932         0.936         0.930         0.988         0.985
 F1D            0.932         0.936         0.930         0.989         0.986
 F1E            0.923         0.927         0.921         0.979         0.977
 F1F            0.927         0.932         0.926         0.985         0.983
 F1G            0.932         0.936         0.930         0.989         0.986
 DSFUT1         0.809         0.810         0.807         0.845         0.842
 DSFUT2         0.938         0.942         0.936         0.991         0.988
 DSFUT3         0.774         0.775         0.771         0.812         0.807
 DSFUT4         0.938         0.942         0.936         0.991         0.988
 DSFUT5         0.813         0.816         0.812         0.851         0.850
 DSFUT6         0.938         0.942         0.936         0.991         0.988
 DSFUT7         0.804         0.807         0.803         0.842         0.838
 F5A            0.883         0.888         0.883         0.926         0.923
 F5B            0.882         0.886         0.880         0.924         0.921
 F5C            0.883         0.888         0.882         0.926         0.923


           Covariance Coverage
              F1C           F1D           F1E           F1F           F1G
              ________      ________      ________      ________      ________
 F1C            0.989
 F1D            0.989         0.991
 F1E            0.979         0.979         0.980
 F1F            0.983         0.985         0.976         0.986
 F1G            0.988         0.989         0.979         0.985         0.991
 DSFUT1         0.844         0.845         0.838         0.841         0.845
 DSFUT2         0.989         0.991         0.980         0.986         0.991
 DSFUT3         0.809         0.810         0.800         0.806         0.810
 DSFUT4         0.989         0.991         0.980         0.986         0.991
 DSFUT5         0.850         0.851         0.842         0.848         0.853
 DSFUT6         0.989         0.991         0.980         0.986         0.991
 DSFUT7         0.839         0.841         0.830         0.836         0.841
 F5A            0.924         0.926         0.915         0.921         0.926
 F5B            0.923         0.924         0.914         0.920         0.924
 F5C            0.924         0.926         0.915         0.921         0.926


           Covariance Coverage
              DSFUT1        DSFUT2        DSFUT3        DSFUT4        DSFUT5
              ________      ________      ________      ________      ________
 DSFUT1         0.850
 DSFUT2         0.850         1.000
 DSFUT3         0.785         0.815         0.815
 DSFUT4         0.850         1.000         0.815         1.000
 DSFUT5         0.819         0.856         0.798         0.856         0.856
 DSFUT6         0.850         1.000         0.815         1.000         0.856
 DSFUT7         0.815         0.845         0.797         0.845         0.830
 F5A            0.847         0.930         0.812         0.930         0.853
 F5B            0.842         0.929         0.807         0.929         0.848
 F5C            0.844         0.930         0.809         0.930         0.850


           Covariance Coverage
              DSFUT6        DSFUT7        F5A           F5B           F5C
              ________      ________      ________      ________      ________
 DSFUT6         1.000
 DSFUT7         0.845         0.845
 F5A            0.930         0.842         0.930
 F5B            0.929         0.838         0.926         0.929
 F5C            0.930         0.839         0.927         0.926         0.930



THE MODEL ESTIMATION TERMINATED NORMALLY

     THE STANDARD ERRORS OF THE MODEL PARAMETER ESTIMATES MAY NOT BE
     TRUSTWORTHY FOR SOME PARAMETERS DUE TO A NON-POSITIVE DEFINITE
     FIRST-ORDER DERIVATIVE PRODUCT MATRIX.  THIS MAY BE DUE TO THE STARTING
     VALUES BUT MAY ALSO BE AN INDICATION OF MODEL NONIDENTIFICATION.  THE
     CONDITION NUMBER IS       0.273D-17.  PROBLEM INVOLVING PARAMETER 92.

     THIS IS MOST LIKELY DUE TO VARIABLE DSFUT2 BEING DICHOTOMOUS BUT
     DECLARED AS CONTINUOUS.




MODEL FIT INFORMATION

Number of Free Parameters                      126

Loglikelihood

          H0 Value                      -25145.597
          H1 Value                      -24026.214

Information Criteria

          Akaike (AIC)                   50543.193
          Bayesian (BIC)                 51109.024
          Sample-Size Adjusted BIC       50708.971
            (n* = (n + 2) / 24)

Chi-Square Test of Model Fit

          Value                           2238.766
          Degrees of Freedom                   539
          P-Value                           0.0000

RMSEA (Root Mean Square Error Of Approximation)

          Estimate                           0.069
          90 Percent C.I.                    0.066  0.072
          Probability RMSEA <= .05           0.000

CFI/TLI

          CFI                                0.809
          TLI                                0.789

Chi-Square Test of Model Fit for the Baseline Model

          Value                           9504.644
          Degrees of Freedom                   595
          P-Value                           0.0000

SRMR (Standardized Root Mean Square Residual)

          Value                              0.064



MODEL RESULTS

                                                    Two-Tailed
                    Estimate       S.E.  Est./S.E.    P-Value

 BIOCEN   BY
    C1A                1.000      0.000    999.000    999.000
    C1B                1.084      0.030     36.628      0.000
    C1C                0.456      0.029     15.979      0.000
    C1D                0.974      0.041     23.813      0.000

 ANTHRO   BY
    C1E                1.000      0.000    999.000    999.000
    C1F                1.180      0.070     16.743      0.000
    C1G                1.065      0.068     15.638      0.000
    C1H                1.092      0.068     16.137      0.000
    C1I                0.784      0.050     15.537      0.000

 RESPON   BY
    C1J                1.000      0.000    999.000    999.000
    C1K                0.794      0.191      4.156      0.000
    C1L                0.590      0.176      3.354      0.001
    C1M               -2.464      0.448     -5.502      0.000
    C1N               -2.799      0.502     -5.573      0.000

 FREEDOM  BY
    C1O                1.000      0.000    999.000    999.000
    C1P               -0.789      0.052    -15.145      0.000
    C1Q                0.886      0.060     14.765      0.000
    C1R                0.461      0.065      7.056      0.000

 EFFECT   BY
    F1A                1.000      0.000    999.000    999.000
    F1B                0.972      0.075     12.877      0.000
    F1C                0.655      0.059     11.047      0.000
    F1D                1.100      0.081     13.627      0.000
    F1E                1.377      0.095     14.526      0.000
    F1F                1.486      0.109     13.663      0.000
    F1G                1.295      0.097     13.373      0.000

 FUTURE   BY
    DSFUT1             1.000      0.000    999.000    999.000
    DSFUT2             0.431      0.048      8.995      0.000
    DSFUT3             1.553      0.147     10.581      0.000
    DSFUT4             0.484      0.052      9.285      0.000
    DSFUT5             1.759      0.168     10.465      0.000
    DSFUT6             0.557      0.058      9.673      0.000
    DSFUT7             2.032      0.190     10.666      0.000

 RISK     BY
    F5A                1.000      0.000    999.000    999.000
    F5B                1.028      0.078     13.184      0.000
    F5C                0.894      0.070     12.691      0.000

 ANTHRO   WITH
    BIOCEN            -0.316      0.034     -9.185      0.000

 RESPON   WITH
    BIOCEN            -0.004      0.012     -0.317      0.751
    ANTHRO            -0.064      0.015     -4.163      0.000

 FREEDOM  WITH
    BIOCEN             0.049      0.031      1.595      0.111
    ANTHRO             0.061      0.026      2.332      0.020
    RESPON            -0.050      0.014     -3.565      0.000

 EFFECT   WITH
    BIOCEN             0.062      0.021      2.999      0.003
    ANTHRO            -0.010      0.017     -0.584      0.559
    RESPON             0.003      0.007      0.377      0.706
    FREEDOM            0.024      0.019      1.277      0.202

 FUTURE   WITH
    BIOCEN             0.053      0.024      2.174      0.030
    ANTHRO             0.005      0.020      0.230      0.818
    RESPON            -0.013      0.009     -1.520      0.129
    FREEDOM            0.012      0.022      0.532      0.595
    EFFECT             0.160      0.022      7.142      0.000

 RISK     WITH
    BIOCEN             0.062      0.032      1.910      0.056
    ANTHRO            -0.117      0.028     -4.236      0.000
    RESPON            -0.002      0.012     -0.184      0.854
    FREEDOM           -0.084      0.030     -2.832      0.005
    EFFECT             0.065      0.020      3.303      0.001
    FUTURE             0.056      0.023      2.410      0.016

 Intercepts
    C1A                4.052      0.039    104.017      0.000
    C1B                3.971      0.041     97.392      0.000
    C1C                4.352      0.028    153.746      0.000
    C1D                3.675      0.046     79.163      0.000
    C1E                1.947      0.041     47.873      0.000
    C1F                2.253      0.043     52.722      0.000
    C1G                2.421      0.042     57.971      0.000
    C1H                2.382      0.041     58.623      0.000
    C1I                1.802      0.031     57.707      0.000
    C1J                3.689      0.040     91.356      0.000
    C1K                4.062      0.036    112.307      0.000
    C1L                2.313      0.036     63.973      0.000
    C1M                2.767      0.038     72.265      0.000
    C1N                2.843      0.041     69.661      0.000
    C1O                2.066      0.036     56.646      0.000
    C1P                3.899      0.035    111.895      0.000
    C1Q                2.103      0.037     57.413      0.000
    C1R                3.219      0.045     72.158      0.000
    F1A                4.095      0.033    122.822      0.000
    F1B                4.077      0.032    126.004      0.000
    F1C                4.442      0.025    175.935      0.000
    F1D                4.058      0.032    127.383      0.000
    F1E                3.686      0.035    104.069      0.000
    F1F                3.612      0.040     90.772      0.000
    F1G                3.858      0.036    106.346      0.000
    DSFUT1             3.748      0.050     74.261      0.000
    DSFUT2             0.554      0.019     28.603      0.000
    DSFUT3             3.473      0.054     63.913      0.000
    DSFUT4             0.486      0.019     24.941      0.000
    DSFUT5             3.294      0.058     57.131      0.000
    DSFUT6             0.640      0.019     34.255      0.000
    DSFUT7             3.449      0.058     59.300      0.000
    F5A                4.000      0.038    105.445      0.000
    F5B                3.138      0.045     70.068      0.000
    F5C                3.547      0.043     82.681      0.000

 Variances
    BIOCEN             0.789      0.055     14.452      0.000
    ANTHRO             0.493      0.054      9.174      0.000
    RESPON             0.077      0.026      2.933      0.003
    FREEDOM            0.570      0.054     10.589      0.000
    EFFECT             0.260      0.033      7.776      0.000
    FUTURE             0.343      0.061      5.578      0.000
    RISK               0.573      0.060      9.620      0.000

 Residual Variances
    C1A                0.158      0.016     10.051      0.000
    C1B                0.109      0.016      6.697      0.000
    C1C                0.332      0.020     16.959      0.000
    C1D                0.568      0.036     15.736      0.000
    C1E                0.529      0.036     14.836      0.000
    C1F                0.442      0.034     13.098      0.000
    C1G                0.515      0.036     14.392      0.000
    C1H                0.435      0.032     13.668      0.000
    C1I                0.300      0.020     14.660      0.000
    C1J                0.934      0.055     17.006      0.000
    C1K                0.764      0.045     17.099      0.000
    C1L                0.781      0.045     17.335      0.000
    C1M                0.437      0.049      8.961      0.000
    C1N                0.425      0.059      7.144      0.000
    C1O                0.255      0.033      7.672      0.000
    C1P                0.397      0.029     13.631      0.000
    C1Q                0.386      0.033     11.563      0.000
    C1R                1.108      0.065     17.119      0.000
    F1A                0.467      0.029     16.186      0.000
    F1B                0.437      0.027     16.133      0.000
    F1C                0.305      0.018     16.933      0.000
    F1D                0.349      0.023     15.153      0.000
    F1E                0.324      0.024     13.519      0.000
    F1F                0.459      0.033     13.867      0.000
    F1G                0.425      0.029     14.574      0.000
    DSFUT1             1.113      0.071     15.725      0.000
    DSFUT2             0.183      0.011     16.705      0.000
    DSFUT3             0.853      0.065     13.040      0.000
    DSFUT4             0.169      0.011     16.085      0.000
    DSFUT5             0.900      0.070     12.947      0.000
    DSFUT6             0.124      0.009     13.876      0.000
    DSFUT7             0.602      0.066      9.138      0.000
    F5A                0.309      0.041      7.608      0.000
    F5B                0.622      0.053     11.758      0.000
    F5C                0.670      0.049     13.700      0.000


QUALITY OF NUMERICAL RESULTS

     Condition Number for the Information Matrix              0.851E-04
       (ratio of smallest to largest eigenvalue)


TECHNICAL 1 OUTPUT


     PARAMETER SPECIFICATION


           NU
              C1A           C1B           C1C           C1D           C1E
              ________      ________      ________      ________      ________
      1           1             2             3             4             5


           NU
              C1F           C1G           C1H           C1I           C1J
              ________      ________      ________      ________      ________
      1           6             7             8             9            10


           NU
              C1K           C1L           C1M           C1N           C1O
              ________      ________      ________      ________      ________
      1          11            12            13            14            15


           NU
              C1P           C1Q           C1R           F1A           F1B
              ________      ________      ________      ________      ________
      1          16            17            18            19            20


           NU
              F1C           F1D           F1E           F1F           F1G
              ________      ________      ________      ________      ________
      1          21            22            23            24            25


           NU
              DSFUT1        DSFUT2        DSFUT3        DSFUT4        DSFUT5
              ________      ________      ________      ________      ________
      1          26            27            28            29            30


           NU
              DSFUT6        DSFUT7        F5A           F5B           F5C
              ________      ________      ________      ________      ________
      1          31            32            33            34            35


           LAMBDA
              BIOCEN        ANTHRO        RESPON        FREEDOM       EFFECT
              ________      ________      ________      ________      ________
 C1A                0             0             0             0             0
 C1B               36             0             0             0             0
 C1C               37             0             0             0             0
 C1D               38             0             0             0             0
 C1E                0             0             0             0             0
 C1F                0            39             0             0             0
 C1G                0            40             0             0             0
 C1H                0            41             0             0             0
 C1I                0            42             0             0             0
 C1J                0             0             0             0             0
 C1K                0             0            43             0             0
 C1L                0             0            44             0             0
 C1M                0             0            45             0             0
 C1N                0             0            46             0             0
 C1O                0             0             0             0             0
 C1P                0             0             0            47             0
 C1Q                0             0             0            48             0
 C1R                0             0             0            49             0
 F1A                0             0             0             0             0
 F1B                0             0             0             0            50
 F1C                0             0             0             0            51
 F1D                0             0             0             0            52
 F1E                0             0             0             0            53
 F1F                0             0             0             0            54
 F1G                0             0             0             0            55
 DSFUT1             0             0             0             0             0
 DSFUT2             0             0             0             0             0
 DSFUT3             0             0             0             0             0
 DSFUT4             0             0             0             0             0
 DSFUT5             0             0             0             0             0
 DSFUT6             0             0             0             0             0
 DSFUT7             0             0             0             0             0
 F5A                0             0             0             0             0
 F5B                0             0             0             0             0
 F5C                0             0             0             0             0


           LAMBDA
              FUTURE        RISK
              ________      ________
 C1A                0             0
 C1B                0             0
 C1C                0             0
 C1D                0             0
 C1E                0             0
 C1F                0             0
 C1G                0             0
 C1H                0             0
 C1I                0             0
 C1J                0             0
 C1K                0             0
 C1L                0             0
 C1M                0             0
 C1N                0             0
 C1O                0             0
 C1P                0             0
 C1Q                0             0
 C1R                0             0
 F1A                0             0
 F1B                0             0
 F1C                0             0
 F1D                0             0
 F1E                0             0
 F1F                0             0
 F1G                0             0
 DSFUT1             0             0
 DSFUT2            56             0
 DSFUT3            57             0
 DSFUT4            58             0
 DSFUT5            59             0
 DSFUT6            60             0
 DSFUT7            61             0
 F5A                0             0
 F5B                0            62
 F5C                0            63


           THETA
              C1A           C1B           C1C           C1D           C1E
              ________      ________      ________      ________      ________
 C1A               64
 C1B                0            65
 C1C                0             0            66
 C1D                0             0             0            67
 C1E                0             0             0             0            68
 C1F                0             0             0             0             0
 C1G                0             0             0             0             0
 C1H                0             0             0             0             0
 C1I                0             0             0             0             0
 C1J                0             0             0             0             0
 C1K                0             0             0             0             0
 C1L                0             0             0             0             0
 C1M                0             0             0             0             0
 C1N                0             0             0             0             0
 C1O                0             0             0             0             0
 C1P                0             0             0             0             0
 C1Q                0             0             0             0             0
 C1R                0             0             0             0             0
 F1A                0             0             0             0             0
 F1B                0             0             0             0             0
 F1C                0             0             0             0             0
 F1D                0             0             0             0             0
 F1E                0             0             0             0             0
 F1F                0             0             0             0             0
 F1G                0             0             0             0             0
 DSFUT1             0             0             0             0             0
 DSFUT2             0             0             0             0             0
 DSFUT3             0             0             0             0             0
 DSFUT4             0             0             0             0             0
 DSFUT5             0             0             0             0             0
 DSFUT6             0             0             0             0             0
 DSFUT7             0             0             0             0             0
 F5A                0             0             0             0             0
 F5B                0             0             0             0             0
 F5C                0             0             0             0             0


           THETA
              C1F           C1G           C1H           C1I           C1J
              ________      ________      ________      ________      ________
 C1F               69
 C1G                0            70
 C1H                0             0            71
 C1I                0             0             0            72
 C1J                0             0             0             0            73
 C1K                0             0             0             0             0
 C1L                0             0             0             0             0
 C1M                0             0             0             0             0
 C1N                0             0             0             0             0
 C1O                0             0             0             0             0
 C1P                0             0             0             0             0
 C1Q                0             0             0             0             0
 C1R                0             0             0             0             0
 F1A                0             0             0             0             0
 F1B                0             0             0             0             0
 F1C                0             0             0             0             0
 F1D                0             0             0             0             0
 F1E                0             0             0             0             0
 F1F                0             0             0             0             0
 F1G                0             0             0             0             0
 DSFUT1             0             0             0             0             0
 DSFUT2             0             0             0             0             0
 DSFUT3             0             0             0             0             0
 DSFUT4             0             0             0             0             0
 DSFUT5             0             0             0             0             0
 DSFUT6             0             0             0             0             0
 DSFUT7             0             0             0             0             0
 F5A                0             0             0             0             0
 F5B                0             0             0             0             0
 F5C                0             0             0             0             0


           THETA
              C1K           C1L           C1M           C1N           C1O
              ________      ________      ________      ________      ________
 C1K               74
 C1L                0            75
 C1M                0             0            76
 C1N                0             0             0            77
 C1O                0             0             0             0            78
 C1P                0             0             0             0             0
 C1Q                0             0             0             0             0
 C1R                0             0             0             0             0
 F1A                0             0             0             0             0
 F1B                0             0             0             0             0
 F1C                0             0             0             0             0
 F1D                0             0             0             0             0
 F1E                0             0             0             0             0
 F1F                0             0             0             0             0
 F1G                0             0             0             0             0
 DSFUT1             0             0             0             0             0
 DSFUT2             0             0             0             0             0
 DSFUT3             0             0             0             0             0
 DSFUT4             0             0             0             0             0
 DSFUT5             0             0             0             0             0
 DSFUT6             0             0             0             0             0
 DSFUT7             0             0             0             0             0
 F5A                0             0             0             0             0
 F5B                0             0             0             0             0
 F5C                0             0             0             0             0


           THETA
              C1P           C1Q           C1R           F1A           F1B
              ________      ________      ________      ________      ________
 C1P               79
 C1Q                0            80
 C1R                0             0            81
 F1A                0             0             0            82
 F1B                0             0             0             0            83
 F1C                0             0             0             0             0
 F1D                0             0             0             0             0
 F1E                0             0             0             0             0
 F1F                0             0             0             0             0
 F1G                0             0             0             0             0
 DSFUT1             0             0             0             0             0
 DSFUT2             0             0             0             0             0
 DSFUT3             0             0             0             0             0
 DSFUT4             0             0             0             0             0
 DSFUT5             0             0             0             0             0
 DSFUT6             0             0             0             0             0
 DSFUT7             0             0             0             0             0
 F5A                0             0             0             0             0
 F5B                0             0             0             0             0
 F5C                0             0             0             0             0


           THETA
              F1C           F1D           F1E           F1F           F1G
              ________      ________      ________      ________      ________
 F1C               84
 F1D                0            85
 F1E                0             0            86
 F1F                0             0             0            87
 F1G                0             0             0             0            88
 DSFUT1             0             0             0             0             0
 DSFUT2             0             0             0             0             0
 DSFUT3             0             0             0             0             0
 DSFUT4             0             0             0             0             0
 DSFUT5             0             0             0             0             0
 DSFUT6             0             0             0             0             0
 DSFUT7             0             0             0             0             0
 F5A                0             0             0             0             0
 F5B                0             0             0             0             0
 F5C                0             0             0             0             0


           THETA
              DSFUT1        DSFUT2        DSFUT3        DSFUT4        DSFUT5
              ________      ________      ________      ________      ________
 DSFUT1            89
 DSFUT2             0            90
 DSFUT3             0             0            91
 DSFUT4             0             0             0            92
 DSFUT5             0             0             0             0            93
 DSFUT6             0             0             0             0             0
 DSFUT7             0             0             0             0             0
 F5A                0             0             0             0             0
 F5B                0             0             0             0             0
 F5C                0             0             0             0             0


           THETA
              DSFUT6        DSFUT7        F5A           F5B           F5C
              ________      ________      ________      ________      ________
 DSFUT6            94
 DSFUT7             0            95
 F5A                0             0            96
 F5B                0             0             0            97
 F5C                0             0             0             0            98


           ALPHA
              BIOCEN        ANTHRO        RESPON        FREEDOM       EFFECT
              ________      ________      ________      ________      ________
      1           0             0             0             0             0


           ALPHA
              FUTURE        RISK
              ________      ________
      1           0             0


           BETA
              BIOCEN        ANTHRO        RESPON        FREEDOM       EFFECT
              ________      ________      ________      ________      ________
 BIOCEN             0             0             0             0             0
 ANTHRO             0             0             0             0             0
 RESPON             0             0             0             0             0
 FREEDOM            0             0             0             0             0
 EFFECT             0             0             0             0             0
 FUTURE             0             0             0             0             0
 RISK               0             0             0             0             0


           BETA
              FUTURE        RISK
              ________      ________
 BIOCEN             0             0
 ANTHRO             0             0
 RESPON             0             0
 FREEDOM            0             0
 EFFECT             0             0
 FUTURE             0             0
 RISK               0             0


           PSI
              BIOCEN        ANTHRO        RESPON        FREEDOM       EFFECT
              ________      ________      ________      ________      ________
 BIOCEN            99
 ANTHRO           100           101
 RESPON           102           103           104
 FREEDOM          105           106           107           108
 EFFECT           109           110           111           112           113
 FUTURE           114           115           116           117           118
 RISK             120           121           122           123           124


           PSI
              FUTURE        RISK
              ________      ________
 FUTURE           119
 RISK             125           126


     STARTING VALUES


           NU
              C1A           C1B           C1C           C1D           C1E
              ________      ________      ________      ________      ________
      1         4.056         3.971         4.354         3.673         1.936


           NU
              C1F           C1G           C1H           C1I           C1J
              ________      ________      ________      ________      ________
      1         2.253         2.422         2.382         1.802         3.690


           NU
              C1K           C1L           C1M           C1N           C1O
              ________      ________      ________      ________      ________
      1         4.063         2.314         2.766         2.841         2.066


           NU
              C1P           C1Q           C1R           F1A           F1B
              ________      ________      ________      ________      ________
      1         3.898         2.103         3.220         4.095         4.074


           NU
              F1C           F1D           F1E           F1F           F1G
              ________      ________      ________      ________      ________
      1         4.442         4.058         3.686         3.614         3.856


           NU
              DSFUT1        DSFUT2        DSFUT3        DSFUT4        DSFUT5
              ________      ________      ________      ________      ________
      1         3.707         0.554         3.374         0.486         3.184


           NU
              DSFUT6        DSFUT7        F5A           F5B           F5C
              ________      ________      ________      ________      ________
      1         0.640         3.318         3.998         3.136         3.545


           LAMBDA
              BIOCEN        ANTHRO        RESPON        FREEDOM       EFFECT
              ________      ________      ________      ________      ________
 C1A            1.000         0.000         0.000         0.000         0.000
 C1B            1.089         0.000         0.000         0.000         0.000
 C1C            0.449         0.000         0.000         0.000         0.000
 C1D            0.977         0.000         0.000         0.000         0.000
 C1E            0.000         1.000         0.000         0.000         0.000
 C1F            0.000         1.201         0.000         0.000         0.000
 C1G            0.000         1.089         0.000         0.000         0.000
 C1H            0.000         1.124         0.000         0.000         0.000
 C1I            0.000         0.797         0.000         0.000         0.000
 C1J            0.000         0.000         1.000         0.000         0.000
 C1K            0.000         0.000         0.860         0.000         0.000
 C1L            0.000         0.000         0.694         0.000         0.000
 C1M            0.000         0.000        -1.021         0.000         0.000
 C1N            0.000         0.000        -0.804         0.000         0.000
 C1O            0.000         0.000         0.000         1.000         0.000
 C1P            0.000         0.000         0.000        -0.806         0.000
 C1Q            0.000         0.000         0.000         0.890         0.000
 C1R            0.000         0.000         0.000         0.435         0.000
 F1A            0.000         0.000         0.000         0.000         1.000
 F1B            0.000         0.000         0.000         0.000         0.983
 F1C            0.000         0.000         0.000         0.000         0.577
 F1D            0.000         0.000         0.000         0.000         0.805
 F1E            0.000         0.000         0.000         0.000         1.005
 F1F            0.000         0.000         0.000         0.000         0.934
 F1G            0.000         0.000         0.000         0.000         0.827
 DSFUT1         0.000         0.000         0.000         0.000         0.000
 DSFUT2         0.000         0.000         0.000         0.000         0.000
 DSFUT3         0.000         0.000         0.000         0.000         0.000
 DSFUT4         0.000         0.000         0.000         0.000         0.000
 DSFUT5         0.000         0.000         0.000         0.000         0.000
 DSFUT6         0.000         0.000         0.000         0.000         0.000
 DSFUT7         0.000         0.000         0.000         0.000         0.000
 F5A            0.000         0.000         0.000         0.000         0.000
 F5B            0.000         0.000         0.000         0.000         0.000
 F5C            0.000         0.000         0.000         0.000         0.000


           LAMBDA
              FUTURE        RISK
              ________      ________
 C1A            0.000         0.000
 C1B            0.000         0.000
 C1C            0.000         0.000
 C1D            0.000         0.000
 C1E            0.000         0.000
 C1F            0.000         0.000
 C1G            0.000         0.000
 C1H            0.000         0.000
 C1I            0.000         0.000
 C1J            0.000         0.000
 C1K            0.000         0.000
 C1L            0.000         0.000
 C1M            0.000         0.000
 C1N            0.000         0.000
 C1O            0.000         0.000
 C1P            0.000         0.000
 C1Q            0.000         0.000
 C1R            0.000         0.000
 F1A            0.000         0.000
 F1B            0.000         0.000
 F1C            0.000         0.000
 F1D            0.000         0.000
 F1E            0.000         0.000
 F1F            0.000         0.000
 F1G            0.000         0.000
 DSFUT1         1.000         0.000
 DSFUT2         0.379         0.000
 DSFUT3         1.636         0.000
 DSFUT4         0.210         0.000
 DSFUT5         1.224         0.000
 DSFUT6         0.294         0.000
 DSFUT7         1.264         0.000
 F5A            0.000         1.000
 F5B            0.000         1.005
 F5C            0.000         0.875


           THETA
              C1A           C1B           C1C           C1D           C1E
              ________      ________      ________      ________      ________
 C1A            0.469
 C1B            0.000         0.520
 C1C            0.000         0.000         0.248
 C1D            0.000         0.000         0.000         0.662
 C1E            0.000         0.000         0.000         0.000         0.508
 C1F            0.000         0.000         0.000         0.000         0.000
 C1G            0.000         0.000         0.000         0.000         0.000
 C1H            0.000         0.000         0.000         0.000         0.000
 C1I            0.000         0.000         0.000         0.000         0.000
 C1J            0.000         0.000         0.000         0.000         0.000
 C1K            0.000         0.000         0.000         0.000         0.000
 C1L            0.000         0.000         0.000         0.000         0.000
 C1M            0.000         0.000         0.000         0.000         0.000
 C1N            0.000         0.000         0.000         0.000         0.000
 C1O            0.000         0.000         0.000         0.000         0.000
 C1P            0.000         0.000         0.000         0.000         0.000
 C1Q            0.000         0.000         0.000         0.000         0.000
 C1R            0.000         0.000         0.000         0.000         0.000
 F1A            0.000         0.000         0.000         0.000         0.000
 F1B            0.000         0.000         0.000         0.000         0.000
 F1C            0.000         0.000         0.000         0.000         0.000
 F1D            0.000         0.000         0.000         0.000         0.000
 F1E            0.000         0.000         0.000         0.000         0.000
 F1F            0.000         0.000         0.000         0.000         0.000
 F1G            0.000         0.000         0.000         0.000         0.000
 DSFUT1         0.000         0.000         0.000         0.000         0.000
 DSFUT2         0.000         0.000         0.000         0.000         0.000
 DSFUT3         0.000         0.000         0.000         0.000         0.000
 DSFUT4         0.000         0.000         0.000         0.000         0.000
 DSFUT5         0.000         0.000         0.000         0.000         0.000
 DSFUT6         0.000         0.000         0.000         0.000         0.000
 DSFUT7         0.000         0.000         0.000         0.000         0.000
 F5A            0.000         0.000         0.000         0.000         0.000
 F5B            0.000         0.000         0.000         0.000         0.000
 F5C            0.000         0.000         0.000         0.000         0.000


           THETA
              C1F           C1G           C1H           C1I           C1J
              ________      ________      ________      ________      ________
 C1F            0.562
 C1G            0.000         0.537
 C1H            0.000         0.000         0.514
 C1I            0.000         0.000         0.000         0.303
 C1J            0.000         0.000         0.000         0.000         0.506
 C1K            0.000         0.000         0.000         0.000         0.000
 C1L            0.000         0.000         0.000         0.000         0.000
 C1M            0.000         0.000         0.000         0.000         0.000
 C1N            0.000         0.000         0.000         0.000         0.000
 C1O            0.000         0.000         0.000         0.000         0.000
 C1P            0.000         0.000         0.000         0.000         0.000
 C1Q            0.000         0.000         0.000         0.000         0.000
 C1R            0.000         0.000         0.000         0.000         0.000
 F1A            0.000         0.000         0.000         0.000         0.000
 F1B            0.000         0.000         0.000         0.000         0.000
 F1C            0.000         0.000         0.000         0.000         0.000
 F1D            0.000         0.000         0.000         0.000         0.000
 F1E            0.000         0.000         0.000         0.000         0.000
 F1F            0.000         0.000         0.000         0.000         0.000
 F1G            0.000         0.000         0.000         0.000         0.000
 DSFUT1         0.000         0.000         0.000         0.000         0.000
 DSFUT2         0.000         0.000         0.000         0.000         0.000
 DSFUT3         0.000         0.000         0.000         0.000         0.000
 DSFUT4         0.000         0.000         0.000         0.000         0.000
 DSFUT5         0.000         0.000         0.000         0.000         0.000
 DSFUT6         0.000         0.000         0.000         0.000         0.000
 DSFUT7         0.000         0.000         0.000         0.000         0.000
 F5A            0.000         0.000         0.000         0.000         0.000
 F5B            0.000         0.000         0.000         0.000         0.000
 F5C            0.000         0.000         0.000         0.000         0.000


           THETA
              C1K           C1L           C1M           C1N           C1O
              ________      ________      ________      ________      ________
 C1K            0.407
 C1L            0.000         0.404
 C1M            0.000         0.000         0.453
 C1N            0.000         0.000         0.000         0.514
 C1O            0.000         0.000         0.000         0.000         0.413
 C1P            0.000         0.000         0.000         0.000         0.000
 C1Q            0.000         0.000         0.000         0.000         0.000
 C1R            0.000         0.000         0.000         0.000         0.000
 F1A            0.000         0.000         0.000         0.000         0.000
 F1B            0.000         0.000         0.000         0.000         0.000
 F1C            0.000         0.000         0.000         0.000         0.000
 F1D            0.000         0.000         0.000         0.000         0.000
 F1E            0.000         0.000         0.000         0.000         0.000
 F1F            0.000         0.000         0.000         0.000         0.000
 F1G            0.000         0.000         0.000         0.000         0.000
 DSFUT1         0.000         0.000         0.000         0.000         0.000
 DSFUT2         0.000         0.000         0.000         0.000         0.000
 DSFUT3         0.000         0.000         0.000         0.000         0.000
 DSFUT4         0.000         0.000         0.000         0.000         0.000
 DSFUT5         0.000         0.000         0.000         0.000         0.000
 DSFUT6         0.000         0.000         0.000         0.000         0.000
 DSFUT7         0.000         0.000         0.000         0.000         0.000
 F5A            0.000         0.000         0.000         0.000         0.000
 F5B            0.000         0.000         0.000         0.000         0.000
 F5C            0.000         0.000         0.000         0.000         0.000


           THETA
              C1P           C1Q           C1R           F1A           F1B
              ________      ________      ________      ________      ________
 C1P            0.376
 C1Q            0.000         0.417
 C1R            0.000         0.000         0.615
 F1A            0.000         0.000         0.000         0.364
 F1B            0.000         0.000         0.000         0.000         0.342
 F1C            0.000         0.000         0.000         0.000         0.000
 F1D            0.000         0.000         0.000         0.000         0.000
 F1E            0.000         0.000         0.000         0.000         0.000
 F1F            0.000         0.000         0.000         0.000         0.000
 F1G            0.000         0.000         0.000         0.000         0.000
 DSFUT1         0.000         0.000         0.000         0.000         0.000
 DSFUT2         0.000         0.000         0.000         0.000         0.000
 DSFUT3         0.000         0.000         0.000         0.000         0.000
 DSFUT4         0.000         0.000         0.000         0.000         0.000
 DSFUT5         0.000         0.000         0.000         0.000         0.000
 DSFUT6         0.000         0.000         0.000         0.000         0.000
 DSFUT7         0.000         0.000         0.000         0.000         0.000
 F5A            0.000         0.000         0.000         0.000         0.000
 F5B            0.000         0.000         0.000         0.000         0.000
 F5C            0.000         0.000         0.000         0.000         0.000


           THETA
              F1C           F1D           F1E           F1F           F1G
              ________      ________      ________      ________      ________
 F1C            0.208
 F1D            0.000         0.331
 F1E            0.000         0.000         0.410
 F1F            0.000         0.000         0.000         0.516
 F1G            0.000         0.000         0.000         0.000         0.431
 DSFUT1         0.000         0.000         0.000         0.000         0.000
 DSFUT2         0.000         0.000         0.000         0.000         0.000
 DSFUT3         0.000         0.000         0.000         0.000         0.000
 DSFUT4         0.000         0.000         0.000         0.000         0.000
 DSFUT5         0.000         0.000         0.000         0.000         0.000
 DSFUT6         0.000         0.000         0.000         0.000         0.000
 DSFUT7         0.000         0.000         0.000         0.000         0.000
 F5A            0.000         0.000         0.000         0.000         0.000
 F5B            0.000         0.000         0.000         0.000         0.000
 F5C            0.000         0.000         0.000         0.000         0.000


           THETA
              DSFUT1        DSFUT2        DSFUT3        DSFUT4        DSFUT5
              ________      ________      ________      ________      ________
 DSFUT1         0.726
 DSFUT2         0.000         0.124
 DSFUT3         0.000         0.000         0.832
 DSFUT4         0.000         0.000         0.000         0.125
 DSFUT5         0.000         0.000         0.000         0.000         0.979
 DSFUT6         0.000         0.000         0.000         0.000         0.000
 DSFUT7         0.000         0.000         0.000         0.000         0.000
 F5A            0.000         0.000         0.000         0.000         0.000
 F5B            0.000         0.000         0.000         0.000         0.000
 F5C            0.000         0.000         0.000         0.000         0.000


           THETA
              DSFUT6        DSFUT7        F5A           F5B           F5C
              ________      ________      ________      ________      ________
 DSFUT6         0.115
 DSFUT7         0.000         1.013
 F5A            0.000         0.000         0.442
 F5B            0.000         0.000         0.000         0.615
 F5C            0.000         0.000         0.000         0.000         0.565


           ALPHA
              BIOCEN        ANTHRO        RESPON        FREEDOM       EFFECT
              ________      ________      ________      ________      ________
      1         0.000         0.000         0.000         0.000         0.000


           ALPHA
              FUTURE        RISK
              ________      ________
      1         0.000         0.000


           BETA
              BIOCEN        ANTHRO        RESPON        FREEDOM       EFFECT
              ________      ________      ________      ________      ________
 BIOCEN         0.000         0.000         0.000         0.000         0.000
 ANTHRO         0.000         0.000         0.000         0.000         0.000
 RESPON         0.000         0.000         0.000         0.000         0.000
 FREEDOM        0.000         0.000         0.000         0.000         0.000
 EFFECT         0.000         0.000         0.000         0.000         0.000
 FUTURE         0.000         0.000         0.000         0.000         0.000
 RISK           0.000         0.000         0.000         0.000         0.000


           BETA
              FUTURE        RISK
              ________      ________
 BIOCEN         0.000         0.000
 ANTHRO         0.000         0.000
 RESPON         0.000         0.000
 FREEDOM        0.000         0.000
 EFFECT         0.000         0.000
 FUTURE         0.000         0.000
 RISK           0.000         0.000


           PSI
              BIOCEN        ANTHRO        RESPON        FREEDOM       EFFECT
              ________      ________      ________      ________      ________
 BIOCEN         0.050
 ANTHRO         0.000         0.050
 RESPON         0.000         0.000         0.050
 FREEDOM        0.000         0.000         0.000         0.050
 EFFECT         0.000         0.000         0.000         0.000         0.050
 FUTURE         0.000         0.000         0.000         0.000         0.000
 RISK           0.000         0.000         0.000         0.000         0.000


           PSI
              FUTURE        RISK
              ________      ________
 FUTURE         0.050
 RISK           0.000         0.050


     Beginning Time:  13:01:35
        Ending Time:  13:01:41
       Elapsed Time:  00:00:06



MUTHEN & MUTHEN
3463 Stoner Ave.
Los Angeles, CA  90066

Tel: (310) 391-9971
Fax: (310) 391-8971
Web: www.StatModel.com
Support: Support@StatModel.com

Copyright (c) 1998-2011 Muthen & Muthen
